[1.055s] Invoking command in '/home/arslan/ros2_ws/src/my_robot_controller': PYTHONPATH=/home/arslan/ros2_ws/build/my_robot_controller/prefix_override:/usr/lib/python3/dist-packages/colcon_core/task/python/colcon_distutils_commands:/home/arslan/ros2_ws/install/my_robot_controller/lib/python3.10/site-packages:${PYTHONPATH} /usr/bin/python3 -W ignore:setup.py install is deprecated -W ignore:easy_install command is deprecated setup.py egg_info --egg-base ../../build/my_robot_controller build --build-base /home/arslan/ros2_ws/build/my_robot_controller/build install --record /home/arslan/ros2_ws/build/my_robot_controller/install.log --single-version-externally-managed install_data
[1.482s] running egg_info
[1.484s] writing ../../build/my_robot_controller/my_robot_controller.egg-info/PKG-INFO
[1.484s] writing dependency_links to ../../build/my_robot_controller/my_robot_controller.egg-info/dependency_links.txt
[1.484s] writing entry points to ../../build/my_robot_controller/my_robot_controller.egg-info/entry_points.txt
[1.484s] writing requirements to ../../build/my_robot_controller/my_robot_controller.egg-info/requires.txt
[1.485s] writing top-level names to ../../build/my_robot_controller/my_robot_controller.egg-info/top_level.txt
[1.487s] reading manifest file '../../build/my_robot_controller/my_robot_controller.egg-info/SOURCES.txt'
[1.489s] writing manifest file '../../build/my_robot_controller/my_robot_controller.egg-info/SOURCES.txt'
[1.489s] running build
[1.489s] running build_py
[1.490s] copying my_robot_controller/my_first_node.py -> /home/arslan/ros2_ws/build/my_robot_controller/build/lib/my_robot_controller
[1.490s] running install
[1.490s] running install_lib
[1.492s] copying /home/arslan/ros2_ws/build/my_robot_controller/build/lib/my_robot_controller/my_first_node.py -> /home/arslan/ros2_ws/install/my_robot_controller/lib/python3.10/site-packages/my_robot_controller
[1.492s] byte-compiling /home/arslan/ros2_ws/install/my_robot_controller/lib/python3.10/site-packages/my_robot_controller/my_first_node.py to my_first_node.cpython-310.pyc
[1.493s] running install_data
[1.493s] running install_egg_info
[1.496s] removing '/home/arslan/ros2_ws/install/my_robot_controller/lib/python3.10/site-packages/my_robot_controller-0.0.0-py3.10.egg-info' (and everything under it)
[1.497s] Copying ../../build/my_robot_controller/my_robot_controller.egg-info to /home/arslan/ros2_ws/install/my_robot_controller/lib/python3.10/site-packages/my_robot_controller-0.0.0-py3.10.egg-info
[1.498s] running install_scripts
[1.535s] Installing first_node script to /home/arslan/ros2_ws/install/my_robot_controller/lib/my_robot_controller
[1.535s] writing list of installed files to '/home/arslan/ros2_ws/build/my_robot_controller/install.log'
[1.574s] Invoked command in '/home/arslan/ros2_ws/src/my_robot_controller' returned '0': PYTHONPATH=/home/arslan/ros2_ws/build/my_robot_controller/prefix_override:/usr/lib/python3/dist-packages/colcon_core/task/python/colcon_distutils_commands:/home/arslan/ros2_ws/install/my_robot_controller/lib/python3.10/site-packages:${PYTHONPATH} /usr/bin/python3 -W ignore:setup.py install is deprecated -W ignore:easy_install command is deprecated setup.py egg_info --egg-base ../../build/my_robot_controller build --build-base /home/arslan/ros2_ws/build/my_robot_controller/build install --record /home/arslan/ros2_ws/build/my_robot_controller/install.log --single-version-externally-managed install_data
