[0.028s] Invoking command in '/home/arslan/ros2_ws/build/my_package': CMAKE_PREFIX_PATH=${CMAKE_PREFIX_PATH}:/home/arslan/ros2_ws/install/my_robot_controller:/opt/ros/humble /usr/bin/cmake --build /home/arslan/ros2_ws/build/my_package -- -j20 -l20
[0.096s] [100%] Built target my_node
[0.309s] Invoked command in '/home/arslan/ros2_ws/build/my_package' returned '0': CMAKE_PREFIX_PATH=${CMAKE_PREFIX_PATH}:/home/arslan/ros2_ws/install/my_robot_controller:/opt/ros/humble /usr/bin/cmake --build /home/arslan/ros2_ws/build/my_package -- -j20 -l20
[0.323s] Invoking command in '/home/arslan/ros2_ws/build/my_package': CMAKE_PREFIX_PATH=${CMAKE_PREFIX_PATH}:/home/arslan/ros2_ws/install/my_robot_controller:/opt/ros/humble /usr/bin/cmake --install /home/arslan/ros2_ws/build/my_package
[0.334s] -- Install configuration: ""
[0.334s] -- Up-to-date: /home/arslan/ros2_ws/install/my_package/lib/my_package/my_node
[0.335s] -- Up-to-date: /home/arslan/ros2_ws/install/my_package/share/ament_index/resource_index/package_run_dependencies/my_package
[0.335s] -- Up-to-date: /home/arslan/ros2_ws/install/my_package/share/ament_index/resource_index/parent_prefix_path/my_package
[0.335s] -- Up-to-date: /home/arslan/ros2_ws/install/my_package/share/my_package/environment/ament_prefix_path.sh
[0.335s] -- Up-to-date: /home/arslan/ros2_ws/install/my_package/share/my_package/environment/ament_prefix_path.dsv
[0.335s] -- Up-to-date: /home/arslan/ros2_ws/install/my_package/share/my_package/environment/path.sh
[0.335s] -- Up-to-date: /home/arslan/ros2_ws/install/my_package/share/my_package/environment/path.dsv
[0.335s] -- Up-to-date: /home/arslan/ros2_ws/install/my_package/share/my_package/local_setup.bash
[0.335s] -- Up-to-date: /home/arslan/ros2_ws/install/my_package/share/my_package/local_setup.sh
[0.335s] -- Up-to-date: /home/arslan/ros2_ws/install/my_package/share/my_package/local_setup.zsh
[0.335s] -- Up-to-date: /home/arslan/ros2_ws/install/my_package/share/my_package/local_setup.dsv
[0.335s] -- Installing: /home/arslan/ros2_ws/install/my_package/share/my_package/package.dsv
[0.336s] -- Up-to-date: /home/arslan/ros2_ws/install/my_package/share/ament_index/resource_index/packages/my_package
[0.336s] -- Up-to-date: /home/arslan/ros2_ws/install/my_package/share/my_package/cmake/my_packageConfig.cmake
[0.336s] -- Up-to-date: /home/arslan/ros2_ws/install/my_package/share/my_package/cmake/my_packageConfig-version.cmake
[0.336s] -- Up-to-date: /home/arslan/ros2_ws/install/my_package/share/my_package/package.xml
[0.339s] Invoked command in '/home/arslan/ros2_ws/build/my_package' returned '0': CMAKE_PREFIX_PATH=${CMAKE_PREFIX_PATH}:/home/arslan/ros2_ws/install/my_robot_controller:/opt/ros/humble /usr/bin/cmake --install /home/arslan/ros2_ws/build/my_package
