[0.021s] Invoking command in '/home/arslan/ros2_ws/build/my_package': CMAKE_PREFIX_PATH=/home/arslan/ros2_ws/install/my_robot_controller:/opt/ros/humble /usr/bin/cmake /home/arslan/ros2_ws/src/my_package -DCMAKE_INSTALL_PREFIX=/home/arslan/ros2_ws/install/my_package
[0.143s] -- The C compiler identification is GNU 11.4.0
[0.258s] -- The CXX compiler identification is GNU 11.4.0
[0.273s] -- Detecting C compiler ABI info
[0.379s] -- Detecting C compiler ABI info - done
[0.393s] -- Check for working C compiler: /usr/bin/cc - skipped
[0.396s] -- Detecting C compile features
[0.397s] -- Detecting C compile features - done
[0.403s] -- Detecting CXX compiler ABI info
[0.533s] -- Detecting CXX compiler ABI info - done
[0.548s] -- Check for working CXX compiler: /usr/bin/c++ - skipped
[0.549s] -- Detecting CXX compile features
[0.550s] -- Detecting CXX compile features - done
[0.563s] -- Found ament_cmake: 1.3.12 (/opt/ros/humble/share/ament_cmake/cmake)
[0.813s] -- Found Python3: /usr/bin/python3 (found version "3.10.12") found components: Interpreter 
[0.927s] -- Found ament_lint_auto: 0.12.14 (/opt/ros/humble/share/ament_lint_auto/cmake)
[1.051s] -- Added test 'cppcheck' to perform static code analysis on C / C++ code
[1.052s] -- Configured cppcheck include dirs: $<BUILD_INTERFACE:/home/arslan/ros2_ws/src/my_package/include>
[1.052s] -- Configured cppcheck exclude dirs and/or files: 
[1.052s] -- Added test 'lint_cmake' to check CMake code style
[1.053s] -- Added test 'uncrustify' to check C / C++ code style
[1.054s] -- Configured uncrustify additional arguments: 
[1.054s] -- Added test 'xmllint' to check XML markup files
[1.055s] -- Configuring done
[1.059s] -- Generating done
[1.061s] -- Build files have been written to: /home/arslan/ros2_ws/build/my_package
[1.065s] Invoked command in '/home/arslan/ros2_ws/build/my_package' returned '0': CMAKE_PREFIX_PATH=/home/arslan/ros2_ws/install/my_robot_controller:/opt/ros/humble /usr/bin/cmake /home/arslan/ros2_ws/src/my_package -DCMAKE_INSTALL_PREFIX=/home/arslan/ros2_ws/install/my_package
[1.069s] Invoking command in '/home/arslan/ros2_ws/build/my_package': CMAKE_PREFIX_PATH=/home/arslan/ros2_ws/install/my_robot_controller:/opt/ros/humble /usr/bin/cmake --build /home/arslan/ros2_ws/build/my_package -- -j20 -l20
[1.139s] [ 50%] [32mBuilding CXX object CMakeFiles/my_node.dir/src/my_node.cpp.o[0m
[1.191s] [100%] [32m[1mLinking CXX executable my_node[0m
[1.262s] [100%] Built target my_node
[1.279s] Invoked command in '/home/arslan/ros2_ws/build/my_package' returned '0': CMAKE_PREFIX_PATH=/home/arslan/ros2_ws/install/my_robot_controller:/opt/ros/humble /usr/bin/cmake --build /home/arslan/ros2_ws/build/my_package -- -j20 -l20
[1.294s] Invoking command in '/home/arslan/ros2_ws/build/my_package': CMAKE_PREFIX_PATH=/home/arslan/ros2_ws/install/my_robot_controller:/opt/ros/humble /usr/bin/cmake --install /home/arslan/ros2_ws/build/my_package
[1.306s] -- Install configuration: ""
[1.306s] -- Installing: /home/arslan/ros2_ws/install/my_package/lib/my_package/my_node
[1.306s] -- Installing: /home/arslan/ros2_ws/install/my_package/share/ament_index/resource_index/package_run_dependencies/my_package
[1.307s] -- Installing: /home/arslan/ros2_ws/install/my_package/share/ament_index/resource_index/parent_prefix_path/my_package
[1.307s] -- Installing: /home/arslan/ros2_ws/install/my_package/share/my_package/environment/ament_prefix_path.sh
[1.307s] -- Installing: /home/arslan/ros2_ws/install/my_package/share/my_package/environment/ament_prefix_path.dsv
[1.308s] -- Installing: /home/arslan/ros2_ws/install/my_package/share/my_package/environment/path.sh
[1.308s] -- Installing: /home/arslan/ros2_ws/install/my_package/share/my_package/environment/path.dsv
[1.308s] -- Installing: /home/arslan/ros2_ws/install/my_package/share/my_package/local_setup.bash
[1.308s] -- Installing: /home/arslan/ros2_ws/install/my_package/share/my_package/local_setup.sh
[1.308s] -- Installing: /home/arslan/ros2_ws/install/my_package/share/my_package/local_setup.zsh
[1.309s] -- Installing: /home/arslan/ros2_ws/install/my_package/share/my_package/local_setup.dsv
[1.309s] -- Installing: /home/arslan/ros2_ws/install/my_package/share/my_package/package.dsv
[1.309s] -- Installing: /home/arslan/ros2_ws/install/my_package/share/ament_index/resource_index/packages/my_package
[1.309s] -- Installing: /home/arslan/ros2_ws/install/my_package/share/my_package/cmake/my_packageConfig.cmake
[1.310s] -- Installing: /home/arslan/ros2_ws/install/my_package/share/my_package/cmake/my_packageConfig-version.cmake
[1.310s] -- Installing: /home/arslan/ros2_ws/install/my_package/share/my_package/package.xml
[1.313s] Invoked command in '/home/arslan/ros2_ws/build/my_package' returned '0': CMAKE_PREFIX_PATH=/home/arslan/ros2_ws/install/my_robot_controller:/opt/ros/humble /usr/bin/cmake --install /home/arslan/ros2_ws/build/my_package
