[1.099s] Invoking command in '/home/arslan/ros2_ws/build/my_robot_controller': PYTHONPATH=/home/arslan/ros2_ws/build/my_robot_controller/prefix_override:/usr/lib/python3/dist-packages/colcon_core/task/python/colcon_distutils_commands:/home/arslan/ros2_ws/install/my_robot_controller/lib/python3.10/site-packages:${PYTHONPATH} /usr/bin/python3 -W ignore:setup.py install is deprecated -W ignore:easy_install command is deprecated setup.py develop --uninstall --editable --build-directory /home/arslan/ros2_ws/build/my_robot_controller/build
[1.572s] running develop
[1.864s] Removing /home/arslan/ros2_ws/install/my_robot_controller/lib/python3.10/site-packages/my-robot-controller.egg-link (link to .)
[1.907s] Invoked command in '/home/arslan/ros2_ws/build/my_robot_controller' returned '0': PYTHONPATH=/home/arslan/ros2_ws/build/my_robot_controller/prefix_override:/usr/lib/python3/dist-packages/colcon_core/task/python/colcon_distutils_commands:/home/arslan/ros2_ws/install/my_robot_controller/lib/python3.10/site-packages:${PYTHONPATH} /usr/bin/python3 -W ignore:setup.py install is deprecated -W ignore:easy_install command is deprecated setup.py develop --uninstall --editable --build-directory /home/arslan/ros2_ws/build/my_robot_controller/build
[1.908s] Invoking command in '/home/arslan/ros2_ws/src/my_robot_controller': PYTHONPATH=/home/arslan/ros2_ws/build/my_robot_controller/prefix_override:/usr/lib/python3/dist-packages/colcon_core/task/python/colcon_distutils_commands:/home/arslan/ros2_ws/install/my_robot_controller/lib/python3.10/site-packages:${PYTHONPATH} /usr/bin/python3 -W ignore:setup.py install is deprecated -W ignore:easy_install command is deprecated setup.py egg_info --egg-base ../../build/my_robot_controller build --build-base /home/arslan/ros2_ws/build/my_robot_controller/build install --record /home/arslan/ros2_ws/build/my_robot_controller/install.log --single-version-externally-managed install_data --force
[2.335s] running egg_info
[2.336s] writing ../../build/my_robot_controller/my_robot_controller.egg-info/PKG-INFO
[2.337s] writing dependency_links to ../../build/my_robot_controller/my_robot_controller.egg-info/dependency_links.txt
[2.337s] writing entry points to ../../build/my_robot_controller/my_robot_controller.egg-info/entry_points.txt
[2.337s] writing requirements to ../../build/my_robot_controller/my_robot_controller.egg-info/requires.txt
[2.337s] writing top-level names to ../../build/my_robot_controller/my_robot_controller.egg-info/top_level.txt
[2.340s] reading manifest file '../../build/my_robot_controller/my_robot_controller.egg-info/SOURCES.txt'
[2.342s] writing manifest file '../../build/my_robot_controller/my_robot_controller.egg-info/SOURCES.txt'
[2.342s] running build
[2.342s] running build_py
[2.343s] copying my_robot_controller/my_first_node.py -> /home/arslan/ros2_ws/build/my_robot_controller/build/lib/my_robot_controller
[2.343s] running install
[2.344s] running install_lib
[2.345s] creating /home/arslan/ros2_ws/install/my_robot_controller/lib/python3.10/site-packages/my_robot_controller
[2.345s] copying /home/arslan/ros2_ws/build/my_robot_controller/build/lib/my_robot_controller/__init__.py -> /home/arslan/ros2_ws/install/my_robot_controller/lib/python3.10/site-packages/my_robot_controller
[2.346s] copying /home/arslan/ros2_ws/build/my_robot_controller/build/lib/my_robot_controller/my_first_node.py -> /home/arslan/ros2_ws/install/my_robot_controller/lib/python3.10/site-packages/my_robot_controller
[2.347s] byte-compiling /home/arslan/ros2_ws/install/my_robot_controller/lib/python3.10/site-packages/my_robot_controller/__init__.py to __init__.cpython-310.pyc
[2.347s] byte-compiling /home/arslan/ros2_ws/install/my_robot_controller/lib/python3.10/site-packages/my_robot_controller/my_first_node.py to my_first_node.cpython-310.pyc
[2.348s] running install_data
[2.348s] copying resource/my_robot_controller -> /home/arslan/ros2_ws/install/my_robot_controller/share/ament_index/resource_index/packages
[2.348s] copying package.xml -> /home/arslan/ros2_ws/install/my_robot_controller/share/my_robot_controller
[2.348s] running install_egg_info
[2.351s] Copying ../../build/my_robot_controller/my_robot_controller.egg-info to /home/arslan/ros2_ws/install/my_robot_controller/lib/python3.10/site-packages/my_robot_controller-0.0.0-py3.10.egg-info
[2.353s] running install_scripts
[2.389s] Installing first_node script to /home/arslan/ros2_ws/install/my_robot_controller/lib/my_robot_controller
[2.390s] writing list of installed files to '/home/arslan/ros2_ws/build/my_robot_controller/install.log'
[2.425s] Invoked command in '/home/arslan/ros2_ws/src/my_robot_controller' returned '0': PYTHONPATH=/home/arslan/ros2_ws/build/my_robot_controller/prefix_override:/usr/lib/python3/dist-packages/colcon_core/task/python/colcon_distutils_commands:/home/arslan/ros2_ws/install/my_robot_controller/lib/python3.10/site-packages:${PYTHONPATH} /usr/bin/python3 -W ignore:setup.py install is deprecated -W ignore:easy_install command is deprecated setup.py egg_info --egg-base ../../build/my_robot_controller build --build-base /home/arslan/ros2_ws/build/my_robot_controller/build install --record /home/arslan/ros2_ws/build/my_robot_controller/install.log --single-version-externally-managed install_data --force
