[0.032s] Invoking command in '/home/arslan/ros2_ws/build/cpp_publisher': CMAKE_PREFIX_PATH=${CMAKE_PREFIX_PATH}:/home/arslan/ros2_ws/install/my_robot_controller:/opt/ros/humble /usr/bin/cmake /home/arslan/ros2_ws/src/cpp_publisher -DCMAKE_INSTALL_PREFIX=/home/arslan/ros2_ws/install/cpp_publisher
[0.118s] -- The C compiler identification is GNU 11.4.0
[0.210s] -- The CXX compiler identification is GNU 11.4.0
[0.222s] -- Detecting C compiler ABI info
[0.326s] -- Detecting C compiler ABI info - done
[0.340s] -- Check for working C compiler: /usr/bin/cc - skipped
[0.341s] -- Detecting C compile features
[0.341s] -- Detecting C compile features - done
[0.346s] -- Detecting CXX compiler ABI info
[0.471s] -- Detecting CXX compiler ABI info - done
[0.485s] -- Check for working CXX compiler: /usr/bin/c++ - skipped
[0.486s] -- Detecting CXX compile features
[0.486s] -- Detecting CXX compile features - done
[0.490s] -- Found ament_cmake: 1.3.12 (/opt/ros/humble/share/ament_cmake/cmake)
[0.753s] -- Found Python3: /usr/bin/python3 (found version "3.10.12") found components: Interpreter 
[0.908s] -- Found rclcpp: 16.0.14 (/opt/ros/humble/share/rclcpp/cmake)
[0.961s] -- Found rosidl_generator_c: 3.1.7 (/opt/ros/humble/share/rosidl_generator_c/cmake)
[0.967s] -- Found rosidl_adapter: 3.1.7 (/opt/ros/humble/share/rosidl_adapter/cmake)
[0.976s] -- Found rosidl_generator_cpp: 3.1.7 (/opt/ros/humble/share/rosidl_generator_cpp/cmake)
[0.991s] -- Using all available rosidl_typesupport_c: rosidl_typesupport_fastrtps_c;rosidl_typesupport_introspection_c
[1.009s] -- Using all available rosidl_typesupport_cpp: rosidl_typesupport_fastrtps_cpp;rosidl_typesupport_introspection_cpp
[1.104s] -- Found rmw_implementation_cmake: 6.1.2 (/opt/ros/humble/share/rmw_implementation_cmake/cmake)
[1.109s] -- Found rmw_fastrtps_cpp: 6.2.8 (/opt/ros/humble/share/rmw_fastrtps_cpp/cmake)
[1.249s] -- Found OpenSSL: /usr/lib/x86_64-linux-gnu/libcrypto.so (found version "3.0.2")  
[1.288s] -- Found FastRTPS: /opt/ros/humble/include  
[1.355s] -- Using RMW implementation 'rmw_fastrtps_cpp' as default
[1.373s] -- Looking for pthread.h
[1.487s] -- Looking for pthread.h - found
[1.488s] -- Performing Test CMAKE_HAVE_LIBC_PTHREAD
[1.605s] -- Performing Test CMAKE_HAVE_LIBC_PTHREAD - Success
[1.607s] -- Found Threads: TRUE  
[1.681s] [31mCMake Error at CMakeLists.txt:17 (target_link_libraries):
[1.682s]   Cannot specify link libraries for target "your_node_name" which is not
[1.682s]   built by this project.
[1.682s] 
[1.682s] [0m
[1.682s] -- Configuring incomplete, errors occurred!
[1.682s] See also "/home/arslan/ros2_ws/build/cpp_publisher/CMakeFiles/CMakeOutput.log".
[1.690s] Invoked command in '/home/arslan/ros2_ws/build/cpp_publisher' returned '1': CMAKE_PREFIX_PATH=${CMAKE_PREFIX_PATH}:/home/arslan/ros2_ws/install/my_robot_controller:/opt/ros/humble /usr/bin/cmake /home/arslan/ros2_ws/src/cpp_publisher -DCMAKE_INSTALL_PREFIX=/home/arslan/ros2_ws/install/cpp_publisher
