[0.035s] Invoking command in '/home/arslan/ros2_ws/build/cpp_publisher': CMAKE_PREFIX_PATH=${CMAKE_PREFIX_PATH}:/home/arslan/ros2_ws/install/my_robot_controller:/opt/ros/humble /usr/bin/cmake /home/arslan/ros2_ws/src/cpp_publisher -DCMAKE_INSTALL_PREFIX=/home/arslan/ros2_ws/install/cpp_publisher
[0.048s] -- Found ament_cmake: 1.3.12 (/opt/ros/humble/share/ament_cmake/cmake)
[0.215s] -- Found rclcpp: 16.0.14 (/opt/ros/humble/share/rclcpp/cmake)
[0.268s] -- Found rosidl_generator_c: 3.1.7 (/opt/ros/humble/share/rosidl_generator_c/cmake)
[0.274s] -- Found rosidl_adapter: 3.1.7 (/opt/ros/humble/share/rosidl_adapter/cmake)
[0.285s] -- Found rosidl_generator_cpp: 3.1.7 (/opt/ros/humble/share/rosidl_generator_cpp/cmake)
[0.297s] -- Using all available rosidl_typesupport_c: rosidl_typesupport_fastrtps_c;rosidl_typesupport_introspection_c
[0.315s] -- Using all available rosidl_typesupport_cpp: rosidl_typesupport_fastrtps_cpp;rosidl_typesupport_introspection_cpp
[0.351s] -- Found rmw_implementation_cmake: 6.1.2 (/opt/ros/humble/share/rmw_implementation_cmake/cmake)
[0.353s] -- Found rmw_fastrtps_cpp: 6.2.8 (/opt/ros/humble/share/rmw_fastrtps_cpp/cmake)
[0.502s] -- Using RMW implementation 'rmw_fastrtps_cpp' as default
[0.593s] -- Found ament_lint_auto: 0.12.14 (/opt/ros/humble/share/ament_lint_auto/cmake)
[0.714s] -- Added test 'cppcheck' to perform static code analysis on C / C++ code
[0.714s] -- Configured cppcheck include dirs: 
[0.714s] -- Configured cppcheck exclude dirs and/or files: 
[0.718s] -- Added test 'lint_cmake' to check CMake code style
[0.719s] -- Added test 'uncrustify' to check C / C++ code style
[0.719s] -- Configured uncrustify additional arguments: 
[0.719s] -- Added test 'xmllint' to check XML markup files
[0.719s] -- Configuring done
[0.726s] -- Generating done
[0.730s] -- Build files have been written to: /home/arslan/ros2_ws/build/cpp_publisher
[0.737s] Invoked command in '/home/arslan/ros2_ws/build/cpp_publisher' returned '0': CMAKE_PREFIX_PATH=${CMAKE_PREFIX_PATH}:/home/arslan/ros2_ws/install/my_robot_controller:/opt/ros/humble /usr/bin/cmake /home/arslan/ros2_ws/src/cpp_publisher -DCMAKE_INSTALL_PREFIX=/home/arslan/ros2_ws/install/cpp_publisher
[0.739s] Invoking command in '/home/arslan/ros2_ws/build/cpp_publisher': CMAKE_PREFIX_PATH=${CMAKE_PREFIX_PATH}:/home/arslan/ros2_ws/install/my_robot_controller:/opt/ros/humble /usr/bin/cmake --build /home/arslan/ros2_ws/build/cpp_publisher -- -j20 -l20
[0.818s] [ 50%] [32mBuilding CXX object CMakeFiles/publisher_member_function.dir/publisher_member_function.cpp.o[0m
[6.916s] [100%] [32m[1mLinking CXX executable publisher_member_function[0m
[7.251s] [100%] Built target publisher_member_function
[7.268s] Invoked command in '/home/arslan/ros2_ws/build/cpp_publisher' returned '0': CMAKE_PREFIX_PATH=${CMAKE_PREFIX_PATH}:/home/arslan/ros2_ws/install/my_robot_controller:/opt/ros/humble /usr/bin/cmake --build /home/arslan/ros2_ws/build/cpp_publisher -- -j20 -l20
[7.270s] Invoking command in '/home/arslan/ros2_ws/build/cpp_publisher': CMAKE_PREFIX_PATH=${CMAKE_PREFIX_PATH}:/home/arslan/ros2_ws/install/my_robot_controller:/opt/ros/humble /usr/bin/cmake --install /home/arslan/ros2_ws/build/cpp_publisher
[7.282s] -- Install configuration: ""
[7.282s] -- Installing: /home/arslan/ros2_ws/install/cpp_publisher/lib/cpp_publisher/publisher_member_function
[7.284s] -- Set runtime path of "/home/arslan/ros2_ws/install/cpp_publisher/lib/cpp_publisher/publisher_member_function" to ""
[7.284s] -- Installing: /home/arslan/ros2_ws/install/cpp_publisher/share/ament_index/resource_index/package_run_dependencies/cpp_publisher
[7.285s] -- Installing: /home/arslan/ros2_ws/install/cpp_publisher/share/ament_index/resource_index/parent_prefix_path/cpp_publisher
[7.285s] -- Installing: /home/arslan/ros2_ws/install/cpp_publisher/share/cpp_publisher/environment/ament_prefix_path.sh
[7.285s] -- Installing: /home/arslan/ros2_ws/install/cpp_publisher/share/cpp_publisher/environment/ament_prefix_path.dsv
[7.285s] -- Installing: /home/arslan/ros2_ws/install/cpp_publisher/share/cpp_publisher/environment/path.sh
[7.286s] -- Installing: /home/arslan/ros2_ws/install/cpp_publisher/share/cpp_publisher/environment/path.dsv
[7.286s] -- Installing: /home/arslan/ros2_ws/install/cpp_publisher/share/cpp_publisher/local_setup.bash
[7.286s] -- Installing: /home/arslan/ros2_ws/install/cpp_publisher/share/cpp_publisher/local_setup.sh
[7.286s] -- Installing: /home/arslan/ros2_ws/install/cpp_publisher/share/cpp_publisher/local_setup.zsh
[7.286s] -- Installing: /home/arslan/ros2_ws/install/cpp_publisher/share/cpp_publisher/local_setup.dsv
[7.287s] -- Installing: /home/arslan/ros2_ws/install/cpp_publisher/share/cpp_publisher/package.dsv
[7.287s] -- Installing: /home/arslan/ros2_ws/install/cpp_publisher/share/ament_index/resource_index/packages/cpp_publisher
[7.287s] -- Installing: /home/arslan/ros2_ws/install/cpp_publisher/share/cpp_publisher/cmake/cpp_publisherConfig.cmake
[7.287s] -- Installing: /home/arslan/ros2_ws/install/cpp_publisher/share/cpp_publisher/cmake/cpp_publisherConfig-version.cmake
[7.288s] -- Installing: /home/arslan/ros2_ws/install/cpp_publisher/share/cpp_publisher/package.xml
[7.291s] Invoked command in '/home/arslan/ros2_ws/build/cpp_publisher' returned '0': CMAKE_PREFIX_PATH=${CMAKE_PREFIX_PATH}:/home/arslan/ros2_ws/install/my_robot_controller:/opt/ros/humble /usr/bin/cmake --install /home/arslan/ros2_ws/build/cpp_publisher
