[0.201s] DEBUG:colcon:Command line arguments: ['/usr/bin/colcon', 'build']
[0.201s] DEBUG:colcon:Parsed command line arguments: Namespace(log_base=None, log_level=None, verb_name='build', build_base='build', install_base='install', merge_install=False, symlink_install=False, test_result_base=None, continue_on_error=False, executor='parallel', parallel_workers=20, event_handlers=None, ignore_user_meta=False, metas=['./colcon.meta'], base_paths=['.'], packages_ignore=None, packages_ignore_regex=None, paths=None, packages_up_to=None, packages_up_to_regex=None, packages_above=None, packages_above_and_dependencies=None, packages_above_depth=None, packages_select_by_dep=None, packages_skip_by_dep=None, packages_skip_up_to=None, packages_select_build_failed=False, packages_skip_build_finished=False, packages_select_test_failures=False, packages_skip_test_passed=False, packages_select=None, packages_skip=None, packages_select_regex=None, packages_skip_regex=None, packages_start=None, packages_end=None, allow_overriding=[], cmake_args=None, cmake_target=None, cmake_target_skip_unavailable=False, cmake_clean_cache=False, cmake_clean_first=False, cmake_force_configure=False, ament_cmake_args=None, catkin_cmake_args=None, catkin_skip_building_tests=False, mixin_files=None, mixin=None, verb_parser=<colcon_mixin.mixin.mixin_argument.MixinArgumentDecorator object at 0x7c9dced49c60>, verb_extension=<colcon_core.verb.build.BuildVerb object at 0x7c9dced49450>, main=<bound method BuildVerb.main of <colcon_core.verb.build.BuildVerb object at 0x7c9dced49450>>, mixin_verb=('build',))
[0.517s] Level 1:colcon.colcon_core.package_discovery:discover_packages(colcon_meta) check parameters
[0.517s] Level 1:colcon.colcon_core.package_discovery:discover_packages(recursive) check parameters
[0.517s] Level 1:colcon.colcon_core.package_discovery:discover_packages(ignore) check parameters
[0.517s] Level 1:colcon.colcon_core.package_discovery:discover_packages(path) check parameters
[0.518s] Level 1:colcon.colcon_core.package_discovery:discover_packages(colcon_meta) discover
[0.518s] Level 1:colcon.colcon_core.package_discovery:discover_packages(recursive) discover
[0.518s] INFO:colcon.colcon_core.package_discovery:Crawling recursively for packages in '/home/arslan/ros2_ws'
[0.518s] Level 1:colcon.colcon_core.package_identification:_identify(.) by extensions ['ignore', 'ignore_ament_install']
[0.518s] Level 1:colcon.colcon_core.package_identification:_identify(.) by extension 'ignore'
[0.518s] Level 1:colcon.colcon_core.package_identification:_identify(.) by extension 'ignore_ament_install'
[0.518s] Level 1:colcon.colcon_core.package_identification:_identify(.) by extensions ['colcon_pkg']
[0.518s] Level 1:colcon.colcon_core.package_identification:_identify(.) by extension 'colcon_pkg'
[0.518s] Level 1:colcon.colcon_core.package_identification:_identify(.) by extensions ['colcon_meta']
[0.519s] Level 1:colcon.colcon_core.package_identification:_identify(.) by extension 'colcon_meta'
[0.519s] Level 1:colcon.colcon_core.package_identification:_identify(.) by extensions ['ros']
[0.519s] Level 1:colcon.colcon_core.package_identification:_identify(.) by extension 'ros'
[0.539s] Level 1:colcon.colcon_core.package_identification:_identify(.) by extensions ['cmake', 'python']
[0.540s] Level 1:colcon.colcon_core.package_identification:_identify(.) by extension 'cmake'
[0.540s] Level 1:colcon.colcon_core.package_identification:_identify(.) by extension 'python'
[0.540s] Level 1:colcon.colcon_core.package_identification:_identify(.) by extensions ['python_setup_py']
[0.540s] Level 1:colcon.colcon_core.package_identification:_identify(.) by extension 'python_setup_py'
[0.540s] Level 1:colcon.colcon_core.package_identification:_identify(build) by extensions ['ignore', 'ignore_ament_install']
[0.540s] Level 1:colcon.colcon_core.package_identification:_identify(build) by extension 'ignore'
[0.540s] Level 1:colcon.colcon_core.package_identification:_identify(build) ignored
[0.541s] Level 1:colcon.colcon_core.package_identification:_identify(install) by extensions ['ignore', 'ignore_ament_install']
[0.541s] Level 1:colcon.colcon_core.package_identification:_identify(install) by extension 'ignore'
[0.541s] Level 1:colcon.colcon_core.package_identification:_identify(install) ignored
[0.541s] Level 1:colcon.colcon_core.package_identification:_identify(log) by extensions ['ignore', 'ignore_ament_install']
[0.541s] Level 1:colcon.colcon_core.package_identification:_identify(log) by extension 'ignore'
[0.541s] Level 1:colcon.colcon_core.package_identification:_identify(log) ignored
[0.541s] Level 1:colcon.colcon_core.package_identification:_identify(src) by extensions ['ignore', 'ignore_ament_install']
[0.542s] Level 1:colcon.colcon_core.package_identification:_identify(src) by extension 'ignore'
[0.542s] Level 1:colcon.colcon_core.package_identification:_identify(src) by extension 'ignore_ament_install'
[0.542s] Level 1:colcon.colcon_core.package_identification:_identify(src) by extensions ['colcon_pkg']
[0.542s] Level 1:colcon.colcon_core.package_identification:_identify(src) by extension 'colcon_pkg'
[0.542s] Level 1:colcon.colcon_core.package_identification:_identify(src) by extensions ['colcon_meta']
[0.542s] Level 1:colcon.colcon_core.package_identification:_identify(src) by extension 'colcon_meta'
[0.542s] Level 1:colcon.colcon_core.package_identification:_identify(src) by extensions ['ros']
[0.542s] Level 1:colcon.colcon_core.package_identification:_identify(src) by extension 'ros'
[0.542s] Level 1:colcon.colcon_core.package_identification:_identify(src) by extensions ['cmake', 'python']
[0.542s] Level 1:colcon.colcon_core.package_identification:_identify(src) by extension 'cmake'
[0.542s] Level 1:colcon.colcon_core.package_identification:_identify(src) by extension 'python'
[0.543s] Level 1:colcon.colcon_core.package_identification:_identify(src) by extensions ['python_setup_py']
[0.543s] Level 1:colcon.colcon_core.package_identification:_identify(src) by extension 'python_setup_py'
[0.543s] Level 1:colcon.colcon_core.package_identification:_identify(src/cpp_publisher) by extensions ['ignore', 'ignore_ament_install']
[0.543s] Level 1:colcon.colcon_core.package_identification:_identify(src/cpp_publisher) by extension 'ignore'
[0.543s] Level 1:colcon.colcon_core.package_identification:_identify(src/cpp_publisher) by extension 'ignore_ament_install'
[0.543s] Level 1:colcon.colcon_core.package_identification:_identify(src/cpp_publisher) by extensions ['colcon_pkg']
[0.543s] Level 1:colcon.colcon_core.package_identification:_identify(src/cpp_publisher) by extension 'colcon_pkg'
[0.543s] Level 1:colcon.colcon_core.package_identification:_identify(src/cpp_publisher) by extensions ['colcon_meta']
[0.543s] Level 1:colcon.colcon_core.package_identification:_identify(src/cpp_publisher) by extension 'colcon_meta'
[0.543s] Level 1:colcon.colcon_core.package_identification:_identify(src/cpp_publisher) by extensions ['ros']
[0.543s] Level 1:colcon.colcon_core.package_identification:_identify(src/cpp_publisher) by extension 'ros'
[0.548s] DEBUG:colcon.colcon_core.package_identification:Package 'src/cpp_publisher' with type 'ros.ament_cmake' and name 'cpp_publisher'
[0.548s] Level 1:colcon.colcon_core.package_identification:_identify(src/my_package) by extensions ['ignore', 'ignore_ament_install']
[0.548s] Level 1:colcon.colcon_core.package_identification:_identify(src/my_package) by extension 'ignore'
[0.548s] Level 1:colcon.colcon_core.package_identification:_identify(src/my_package) by extension 'ignore_ament_install'
[0.549s] Level 1:colcon.colcon_core.package_identification:_identify(src/my_package) by extensions ['colcon_pkg']
[0.549s] Level 1:colcon.colcon_core.package_identification:_identify(src/my_package) by extension 'colcon_pkg'
[0.549s] Level 1:colcon.colcon_core.package_identification:_identify(src/my_package) by extensions ['colcon_meta']
[0.549s] Level 1:colcon.colcon_core.package_identification:_identify(src/my_package) by extension 'colcon_meta'
[0.549s] Level 1:colcon.colcon_core.package_identification:_identify(src/my_package) by extensions ['ros']
[0.549s] Level 1:colcon.colcon_core.package_identification:_identify(src/my_package) by extension 'ros'
[0.550s] DEBUG:colcon.colcon_core.package_identification:Package 'src/my_package' with type 'ros.ament_cmake' and name 'my_package'
[0.550s] Level 1:colcon.colcon_core.package_identification:_identify(src/my_robot_controller) by extensions ['ignore', 'ignore_ament_install']
[0.550s] Level 1:colcon.colcon_core.package_identification:_identify(src/my_robot_controller) by extension 'ignore'
[0.550s] Level 1:colcon.colcon_core.package_identification:_identify(src/my_robot_controller) by extension 'ignore_ament_install'
[0.550s] Level 1:colcon.colcon_core.package_identification:_identify(src/my_robot_controller) by extensions ['colcon_pkg']
[0.551s] Level 1:colcon.colcon_core.package_identification:_identify(src/my_robot_controller) by extension 'colcon_pkg'
[0.551s] Level 1:colcon.colcon_core.package_identification:_identify(src/my_robot_controller) by extensions ['colcon_meta']
[0.551s] Level 1:colcon.colcon_core.package_identification:_identify(src/my_robot_controller) by extension 'colcon_meta'
[0.551s] Level 1:colcon.colcon_core.package_identification:_identify(src/my_robot_controller) by extensions ['ros']
[0.551s] Level 1:colcon.colcon_core.package_identification:_identify(src/my_robot_controller) by extension 'ros'
[0.552s] DEBUG:colcon.colcon_core.package_identification:Package 'src/my_robot_controller' with type 'ros.ament_python' and name 'my_robot_controller'
[0.552s] Level 1:colcon.colcon_core.package_discovery:discover_packages(recursive) using defaults
[0.552s] Level 1:colcon.colcon_core.package_discovery:discover_packages(ignore) discover
[0.552s] Level 1:colcon.colcon_core.package_discovery:discover_packages(ignore) using defaults
[0.552s] Level 1:colcon.colcon_core.package_discovery:discover_packages(path) discover
[0.552s] Level 1:colcon.colcon_core.package_discovery:discover_packages(path) using defaults
[0.604s] Level 1:colcon.colcon_core.package_discovery:discover_packages(prefix_path) check parameters
[0.604s] Level 1:colcon.colcon_core.package_discovery:discover_packages(prefix_path) discover
[0.607s] DEBUG:colcon.colcon_installed_package_information.package_discovery:Found 3 installed packages in /home/arslan/ros2_ws/install
[0.610s] DEBUG:colcon.colcon_installed_package_information.package_discovery:Found 271 installed packages in /opt/ros/humble
[0.613s] Level 1:colcon.colcon_core.package_discovery:discover_packages(prefix_path) using defaults
[0.693s] Level 5:colcon.colcon_core.verb:set package 'cpp_publisher' build argument 'cmake_args' from command line to 'None'
[0.693s] Level 5:colcon.colcon_core.verb:set package 'cpp_publisher' build argument 'cmake_target' from command line to 'None'
[0.693s] Level 5:colcon.colcon_core.verb:set package 'cpp_publisher' build argument 'cmake_target_skip_unavailable' from command line to 'False'
[0.693s] Level 5:colcon.colcon_core.verb:set package 'cpp_publisher' build argument 'cmake_clean_cache' from command line to 'False'
[0.693s] Level 5:colcon.colcon_core.verb:set package 'cpp_publisher' build argument 'cmake_clean_first' from command line to 'False'
[0.693s] Level 5:colcon.colcon_core.verb:set package 'cpp_publisher' build argument 'cmake_force_configure' from command line to 'False'
[0.693s] Level 5:colcon.colcon_core.verb:set package 'cpp_publisher' build argument 'ament_cmake_args' from command line to 'None'
[0.693s] Level 5:colcon.colcon_core.verb:set package 'cpp_publisher' build argument 'catkin_cmake_args' from command line to 'None'
[0.693s] Level 5:colcon.colcon_core.verb:set package 'cpp_publisher' build argument 'catkin_skip_building_tests' from command line to 'False'
[0.693s] DEBUG:colcon.colcon_core.verb:Building package 'cpp_publisher' with the following arguments: {'ament_cmake_args': None, 'build_base': '/home/arslan/ros2_ws/build/cpp_publisher', 'catkin_cmake_args': None, 'catkin_skip_building_tests': False, 'cmake_args': None, 'cmake_clean_cache': False, 'cmake_clean_first': False, 'cmake_force_configure': False, 'cmake_target': None, 'cmake_target_skip_unavailable': False, 'install_base': '/home/arslan/ros2_ws/install/cpp_publisher', 'merge_install': False, 'path': '/home/arslan/ros2_ws/src/cpp_publisher', 'symlink_install': False, 'test_result_base': None}
[0.694s] Level 5:colcon.colcon_core.verb:set package 'my_package' build argument 'cmake_args' from command line to 'None'
[0.694s] Level 5:colcon.colcon_core.verb:set package 'my_package' build argument 'cmake_target' from command line to 'None'
[0.694s] Level 5:colcon.colcon_core.verb:set package 'my_package' build argument 'cmake_target_skip_unavailable' from command line to 'False'
[0.694s] Level 5:colcon.colcon_core.verb:set package 'my_package' build argument 'cmake_clean_cache' from command line to 'False'
[0.694s] Level 5:colcon.colcon_core.verb:set package 'my_package' build argument 'cmake_clean_first' from command line to 'False'
[0.694s] Level 5:colcon.colcon_core.verb:set package 'my_package' build argument 'cmake_force_configure' from command line to 'False'
[0.694s] Level 5:colcon.colcon_core.verb:set package 'my_package' build argument 'ament_cmake_args' from command line to 'None'
[0.694s] Level 5:colcon.colcon_core.verb:set package 'my_package' build argument 'catkin_cmake_args' from command line to 'None'
[0.694s] Level 5:colcon.colcon_core.verb:set package 'my_package' build argument 'catkin_skip_building_tests' from command line to 'False'
[0.695s] DEBUG:colcon.colcon_core.verb:Building package 'my_package' with the following arguments: {'ament_cmake_args': None, 'build_base': '/home/arslan/ros2_ws/build/my_package', 'catkin_cmake_args': None, 'catkin_skip_building_tests': False, 'cmake_args': None, 'cmake_clean_cache': False, 'cmake_clean_first': False, 'cmake_force_configure': False, 'cmake_target': None, 'cmake_target_skip_unavailable': False, 'install_base': '/home/arslan/ros2_ws/install/my_package', 'merge_install': False, 'path': '/home/arslan/ros2_ws/src/my_package', 'symlink_install': False, 'test_result_base': None}
[0.695s] Level 5:colcon.colcon_core.verb:set package 'my_robot_controller' build argument 'cmake_args' from command line to 'None'
[0.695s] Level 5:colcon.colcon_core.verb:set package 'my_robot_controller' build argument 'cmake_target' from command line to 'None'
[0.695s] Level 5:colcon.colcon_core.verb:set package 'my_robot_controller' build argument 'cmake_target_skip_unavailable' from command line to 'False'
[0.695s] Level 5:colcon.colcon_core.verb:set package 'my_robot_controller' build argument 'cmake_clean_cache' from command line to 'False'
[0.695s] Level 5:colcon.colcon_core.verb:set package 'my_robot_controller' build argument 'cmake_clean_first' from command line to 'False'
[0.695s] Level 5:colcon.colcon_core.verb:set package 'my_robot_controller' build argument 'cmake_force_configure' from command line to 'False'
[0.695s] Level 5:colcon.colcon_core.verb:set package 'my_robot_controller' build argument 'ament_cmake_args' from command line to 'None'
[0.696s] Level 5:colcon.colcon_core.verb:set package 'my_robot_controller' build argument 'catkin_cmake_args' from command line to 'None'
[0.696s] Level 5:colcon.colcon_core.verb:set package 'my_robot_controller' build argument 'catkin_skip_building_tests' from command line to 'False'
[0.696s] DEBUG:colcon.colcon_core.verb:Building package 'my_robot_controller' with the following arguments: {'ament_cmake_args': None, 'build_base': '/home/arslan/ros2_ws/build/my_robot_controller', 'catkin_cmake_args': None, 'catkin_skip_building_tests': False, 'cmake_args': None, 'cmake_clean_cache': False, 'cmake_clean_first': False, 'cmake_force_configure': False, 'cmake_target': None, 'cmake_target_skip_unavailable': False, 'install_base': '/home/arslan/ros2_ws/install/my_robot_controller', 'merge_install': False, 'path': '/home/arslan/ros2_ws/src/my_robot_controller', 'symlink_install': False, 'test_result_base': None}
[0.696s] INFO:colcon.colcon_core.executor:Executing jobs using 'parallel' executor
[0.697s] DEBUG:colcon.colcon_parallel_executor.executor.parallel:run_until_complete
[0.698s] INFO:colcon.colcon_ros.task.ament_cmake.build:Building ROS package in '/home/arslan/ros2_ws/src/cpp_publisher' with build type 'ament_cmake'
[0.698s] INFO:colcon.colcon_cmake.task.cmake.build:Building CMake package in '/home/arslan/ros2_ws/src/cpp_publisher'
[0.702s] INFO:colcon.colcon_core.plugin_system:Skipping extension 'colcon_core.shell.bat': Not used on non-Windows systems
[0.702s] INFO:colcon.colcon_core.shell:Skip shell extension 'powershell' for command environment: Not usable outside of PowerShell
[0.702s] DEBUG:colcon.colcon_core.shell:Skip shell extension 'dsv' for command environment
[0.709s] INFO:colcon.colcon_ros.task.ament_cmake.build:Building ROS package in '/home/arslan/ros2_ws/src/my_package' with build type 'ament_cmake'
[0.709s] INFO:colcon.colcon_cmake.task.cmake.build:Building CMake package in '/home/arslan/ros2_ws/src/my_package'
[0.710s] INFO:colcon.colcon_core.shell:Skip shell extension 'powershell' for command environment: Not usable outside of PowerShell
[0.710s] DEBUG:colcon.colcon_core.shell:Skip shell extension 'dsv' for command environment
[0.716s] INFO:colcon.colcon_ros.task.ament_python.build:Building ROS package in '/home/arslan/ros2_ws/src/my_robot_controller' with build type 'ament_python'
[0.716s] Level 1:colcon.colcon_core.shell:create_environment_hook('my_robot_controller', 'ament_prefix_path')
[0.717s] INFO:colcon.colcon_core.shell:Creating environment hook '/home/arslan/ros2_ws/install/my_robot_controller/share/my_robot_controller/hook/ament_prefix_path.ps1'
[0.718s] INFO:colcon.colcon_core.shell:Creating environment descriptor '/home/arslan/ros2_ws/install/my_robot_controller/share/my_robot_controller/hook/ament_prefix_path.dsv'
[0.719s] INFO:colcon.colcon_core.shell:Creating environment hook '/home/arslan/ros2_ws/install/my_robot_controller/share/my_robot_controller/hook/ament_prefix_path.sh'
[0.720s] INFO:colcon.colcon_core.shell:Skip shell extension 'powershell' for command environment: Not usable outside of PowerShell
[0.720s] DEBUG:colcon.colcon_core.shell:Skip shell extension 'dsv' for command environment
[0.734s] DEBUG:colcon.colcon_core.event_handler.log_command:Invoking command in '/home/arslan/ros2_ws/build/cpp_publisher': CMAKE_PREFIX_PATH=${CMAKE_PREFIX_PATH}:/home/arslan/ros2_ws/install/my_robot_controller:/opt/ros/humble /usr/bin/cmake /home/arslan/ros2_ws/src/cpp_publisher -DCMAKE_INSTALL_PREFIX=/home/arslan/ros2_ws/install/cpp_publisher
[0.738s] DEBUG:colcon.colcon_core.event_handler.log_command:Invoking command in '/home/arslan/ros2_ws/build/my_package': CMAKE_PREFIX_PATH=${CMAKE_PREFIX_PATH}:/home/arslan/ros2_ws/install/my_robot_controller:/opt/ros/humble /usr/bin/cmake --build /home/arslan/ros2_ws/build/my_package -- -j20 -l20
[1.010s] INFO:colcon.colcon_core.task.python.build:Building Python package in '/home/arslan/ros2_ws/src/my_robot_controller'
[1.011s] INFO:colcon.colcon_core.shell:Skip shell extension 'powershell' for command environment: Not usable outside of PowerShell
[1.011s] DEBUG:colcon.colcon_core.shell:Skip shell extension 'dsv' for command environment
[1.018s] DEBUG:colcon.colcon_core.event_handler.log_command:Invoked command in '/home/arslan/ros2_ws/build/my_package' returned '0': CMAKE_PREFIX_PATH=${CMAKE_PREFIX_PATH}:/home/arslan/ros2_ws/install/my_robot_controller:/opt/ros/humble /usr/bin/cmake --build /home/arslan/ros2_ws/build/my_package -- -j20 -l20
[1.033s] DEBUG:colcon.colcon_core.event_handler.log_command:Invoking command in '/home/arslan/ros2_ws/build/my_package': CMAKE_PREFIX_PATH=${CMAKE_PREFIX_PATH}:/home/arslan/ros2_ws/install/my_robot_controller:/opt/ros/humble /usr/bin/cmake --install /home/arslan/ros2_ws/build/my_package
[1.048s] Level 1:colcon.colcon_core.environment:create_environment_scripts_only(my_package)
[1.048s] DEBUG:colcon.colcon_core.event_handler.log_command:Invoked command in '/home/arslan/ros2_ws/build/my_package' returned '0': CMAKE_PREFIX_PATH=${CMAKE_PREFIX_PATH}:/home/arslan/ros2_ws/install/my_robot_controller:/opt/ros/humble /usr/bin/cmake --install /home/arslan/ros2_ws/build/my_package
[1.053s] Level 1:colcon.colcon_core.environment:checking '/home/arslan/ros2_ws/install/my_package' for CMake module files
[1.054s] Level 1:colcon.colcon_core.environment:checking '/home/arslan/ros2_ws/install/my_package' for CMake config files
[1.054s] Level 1:colcon.colcon_core.shell:create_environment_hook('my_package', 'cmake_prefix_path')
[1.055s] INFO:colcon.colcon_core.shell:Creating environment hook '/home/arslan/ros2_ws/install/my_package/share/my_package/hook/cmake_prefix_path.ps1'
[1.056s] INFO:colcon.colcon_core.shell:Creating environment descriptor '/home/arslan/ros2_ws/install/my_package/share/my_package/hook/cmake_prefix_path.dsv'
[1.056s] INFO:colcon.colcon_core.shell:Creating environment hook '/home/arslan/ros2_ws/install/my_package/share/my_package/hook/cmake_prefix_path.sh'
[1.057s] Level 1:colcon.colcon_core.environment:checking '/home/arslan/ros2_ws/install/my_package/lib'
[1.058s] Level 1:colcon.colcon_core.environment:checking '/home/arslan/ros2_ws/install/my_package/bin'
[1.058s] Level 1:colcon.colcon_core.environment:checking '/home/arslan/ros2_ws/install/my_package/lib/pkgconfig/my_package.pc'
[1.058s] Level 1:colcon.colcon_core.environment:checking '/home/arslan/ros2_ws/install/my_package/lib/python3.10/site-packages'
[1.059s] Level 1:colcon.colcon_core.environment:checking '/home/arslan/ros2_ws/install/my_package/bin'
[1.059s] INFO:colcon.colcon_core.shell:Creating package script '/home/arslan/ros2_ws/install/my_package/share/my_package/package.ps1'
[1.061s] INFO:colcon.colcon_core.shell:Creating package descriptor '/home/arslan/ros2_ws/install/my_package/share/my_package/package.dsv'
[1.062s] INFO:colcon.colcon_core.shell:Creating package script '/home/arslan/ros2_ws/install/my_package/share/my_package/package.sh'
[1.063s] INFO:colcon.colcon_core.shell:Creating package script '/home/arslan/ros2_ws/install/my_package/share/my_package/package.bash'
[1.064s] INFO:colcon.colcon_core.shell:Creating package script '/home/arslan/ros2_ws/install/my_package/share/my_package/package.zsh'
[1.066s] Level 1:colcon.colcon_core.environment:create_file_with_runtime_dependencies(/home/arslan/ros2_ws/install/my_package/share/colcon-core/packages/my_package)
[1.067s] Level 1:colcon.colcon_core.environment:create_environment_scripts_only(my_package)
[1.067s] Level 1:colcon.colcon_core.environment:checking '/home/arslan/ros2_ws/install/my_package' for CMake module files
[1.068s] Level 1:colcon.colcon_core.environment:checking '/home/arslan/ros2_ws/install/my_package' for CMake config files
[1.069s] Level 1:colcon.colcon_core.shell:create_environment_hook('my_package', 'cmake_prefix_path')
[1.069s] INFO:colcon.colcon_core.shell:Creating environment hook '/home/arslan/ros2_ws/install/my_package/share/my_package/hook/cmake_prefix_path.ps1'
[1.070s] INFO:colcon.colcon_core.shell:Creating environment descriptor '/home/arslan/ros2_ws/install/my_package/share/my_package/hook/cmake_prefix_path.dsv'
[1.070s] INFO:colcon.colcon_core.shell:Creating environment hook '/home/arslan/ros2_ws/install/my_package/share/my_package/hook/cmake_prefix_path.sh'
[1.071s] Level 1:colcon.colcon_core.environment:checking '/home/arslan/ros2_ws/install/my_package/lib'
[1.072s] Level 1:colcon.colcon_core.environment:checking '/home/arslan/ros2_ws/install/my_package/bin'
[1.072s] Level 1:colcon.colcon_core.environment:checking '/home/arslan/ros2_ws/install/my_package/lib/pkgconfig/my_package.pc'
[1.072s] Level 1:colcon.colcon_core.environment:checking '/home/arslan/ros2_ws/install/my_package/lib/python3.10/site-packages'
[1.072s] Level 1:colcon.colcon_core.environment:checking '/home/arslan/ros2_ws/install/my_package/bin'
[1.073s] INFO:colcon.colcon_core.shell:Creating package script '/home/arslan/ros2_ws/install/my_package/share/my_package/package.ps1'
[1.074s] INFO:colcon.colcon_core.shell:Creating package descriptor '/home/arslan/ros2_ws/install/my_package/share/my_package/package.dsv'
[1.075s] INFO:colcon.colcon_core.shell:Creating package script '/home/arslan/ros2_ws/install/my_package/share/my_package/package.sh'
[1.075s] INFO:colcon.colcon_core.shell:Creating package script '/home/arslan/ros2_ws/install/my_package/share/my_package/package.bash'
[1.076s] INFO:colcon.colcon_core.shell:Creating package script '/home/arslan/ros2_ws/install/my_package/share/my_package/package.zsh'
[1.077s] Level 1:colcon.colcon_core.environment:create_file_with_runtime_dependencies(/home/arslan/ros2_ws/install/my_package/share/colcon-core/packages/my_package)
[1.436s] DEBUG:colcon.colcon_core.event_handler.log_command:Invoked command in '/home/arslan/ros2_ws/build/cpp_publisher' returned '0': CMAKE_PREFIX_PATH=${CMAKE_PREFIX_PATH}:/home/arslan/ros2_ws/install/my_robot_controller:/opt/ros/humble /usr/bin/cmake /home/arslan/ros2_ws/src/cpp_publisher -DCMAKE_INSTALL_PREFIX=/home/arslan/ros2_ws/install/cpp_publisher
[1.438s] DEBUG:colcon.colcon_core.event_handler.log_command:Invoking command in '/home/arslan/ros2_ws/build/cpp_publisher': CMAKE_PREFIX_PATH=${CMAKE_PREFIX_PATH}:/home/arslan/ros2_ws/install/my_robot_controller:/opt/ros/humble /usr/bin/cmake --build /home/arslan/ros2_ws/build/cpp_publisher -- -j20 -l20
[1.636s] DEBUG:colcon.colcon_core.event_handler.log_command:Invoking command in '/home/arslan/ros2_ws/src/my_robot_controller': PYTHONPATH=/home/arslan/ros2_ws/build/my_robot_controller/prefix_override:/usr/lib/python3/dist-packages/colcon_core/task/python/colcon_distutils_commands:/home/arslan/ros2_ws/install/my_robot_controller/lib/python3.10/site-packages:${PYTHONPATH} /usr/bin/python3 -W ignore:setup.py install is deprecated -W ignore:easy_install command is deprecated setup.py egg_info --egg-base ../../build/my_robot_controller build --build-base /home/arslan/ros2_ws/build/my_robot_controller/build install --record /home/arslan/ros2_ws/build/my_robot_controller/install.log --single-version-externally-managed install_data
[2.167s] Level 1:colcon.colcon_core.environment:checking '/home/arslan/ros2_ws/install/my_robot_controller' for CMake module files
[2.168s] DEBUG:colcon.colcon_core.event_handler.log_command:Invoked command in '/home/arslan/ros2_ws/src/my_robot_controller' returned '0': PYTHONPATH=/home/arslan/ros2_ws/build/my_robot_controller/prefix_override:/usr/lib/python3/dist-packages/colcon_core/task/python/colcon_distutils_commands:/home/arslan/ros2_ws/install/my_robot_controller/lib/python3.10/site-packages:${PYTHONPATH} /usr/bin/python3 -W ignore:setup.py install is deprecated -W ignore:easy_install command is deprecated setup.py egg_info --egg-base ../../build/my_robot_controller build --build-base /home/arslan/ros2_ws/build/my_robot_controller/build install --record /home/arslan/ros2_ws/build/my_robot_controller/install.log --single-version-externally-managed install_data
[2.169s] Level 1:colcon.colcon_core.environment:checking '/home/arslan/ros2_ws/install/my_robot_controller' for CMake config files
[2.170s] Level 1:colcon.colcon_core.environment:checking '/home/arslan/ros2_ws/install/my_robot_controller/lib'
[2.170s] Level 1:colcon.colcon_core.environment:checking '/home/arslan/ros2_ws/install/my_robot_controller/bin'
[2.170s] Level 1:colcon.colcon_core.environment:checking '/home/arslan/ros2_ws/install/my_robot_controller/lib/pkgconfig/my_robot_controller.pc'
[2.170s] Level 1:colcon.colcon_core.environment:checking '/home/arslan/ros2_ws/install/my_robot_controller/lib/python3.10/site-packages'
[2.170s] Level 1:colcon.colcon_core.shell:create_environment_hook('my_robot_controller', 'pythonpath')
[2.171s] INFO:colcon.colcon_core.shell:Creating environment hook '/home/arslan/ros2_ws/install/my_robot_controller/share/my_robot_controller/hook/pythonpath.ps1'
[2.172s] INFO:colcon.colcon_core.shell:Creating environment descriptor '/home/arslan/ros2_ws/install/my_robot_controller/share/my_robot_controller/hook/pythonpath.dsv'
[2.172s] INFO:colcon.colcon_core.shell:Creating environment hook '/home/arslan/ros2_ws/install/my_robot_controller/share/my_robot_controller/hook/pythonpath.sh'
[2.173s] Level 1:colcon.colcon_core.environment:checking '/home/arslan/ros2_ws/install/my_robot_controller/bin'
[2.173s] Level 1:colcon.colcon_core.environment:create_environment_scripts_only(my_robot_controller)
[2.174s] INFO:colcon.colcon_core.shell:Creating package script '/home/arslan/ros2_ws/install/my_robot_controller/share/my_robot_controller/package.ps1'
[2.175s] INFO:colcon.colcon_core.shell:Creating package descriptor '/home/arslan/ros2_ws/install/my_robot_controller/share/my_robot_controller/package.dsv'
[2.176s] INFO:colcon.colcon_core.shell:Creating package script '/home/arslan/ros2_ws/install/my_robot_controller/share/my_robot_controller/package.sh'
[2.176s] INFO:colcon.colcon_core.shell:Creating package script '/home/arslan/ros2_ws/install/my_robot_controller/share/my_robot_controller/package.bash'
[2.177s] INFO:colcon.colcon_core.shell:Creating package script '/home/arslan/ros2_ws/install/my_robot_controller/share/my_robot_controller/package.zsh'
[2.178s] Level 1:colcon.colcon_core.environment:create_file_with_runtime_dependencies(/home/arslan/ros2_ws/install/my_robot_controller/share/colcon-core/packages/my_robot_controller)
[7.967s] DEBUG:colcon.colcon_core.event_handler.log_command:Invoked command in '/home/arslan/ros2_ws/build/cpp_publisher' returned '0': CMAKE_PREFIX_PATH=${CMAKE_PREFIX_PATH}:/home/arslan/ros2_ws/install/my_robot_controller:/opt/ros/humble /usr/bin/cmake --build /home/arslan/ros2_ws/build/cpp_publisher -- -j20 -l20
[7.969s] DEBUG:colcon.colcon_core.event_handler.log_command:Invoking command in '/home/arslan/ros2_ws/build/cpp_publisher': CMAKE_PREFIX_PATH=${CMAKE_PREFIX_PATH}:/home/arslan/ros2_ws/install/my_robot_controller:/opt/ros/humble /usr/bin/cmake --install /home/arslan/ros2_ws/build/cpp_publisher
[7.989s] Level 1:colcon.colcon_core.environment:create_environment_scripts_only(cpp_publisher)
[7.989s] Level 1:colcon.colcon_core.environment:checking '/home/arslan/ros2_ws/install/cpp_publisher' for CMake module files
[7.990s] DEBUG:colcon.colcon_core.event_handler.log_command:Invoked command in '/home/arslan/ros2_ws/build/cpp_publisher' returned '0': CMAKE_PREFIX_PATH=${CMAKE_PREFIX_PATH}:/home/arslan/ros2_ws/install/my_robot_controller:/opt/ros/humble /usr/bin/cmake --install /home/arslan/ros2_ws/build/cpp_publisher
[7.991s] Level 1:colcon.colcon_core.environment:checking '/home/arslan/ros2_ws/install/cpp_publisher' for CMake config files
[7.991s] Level 1:colcon.colcon_core.shell:create_environment_hook('cpp_publisher', 'cmake_prefix_path')
[7.992s] INFO:colcon.colcon_core.shell:Creating environment hook '/home/arslan/ros2_ws/install/cpp_publisher/share/cpp_publisher/hook/cmake_prefix_path.ps1'
[7.993s] INFO:colcon.colcon_core.shell:Creating environment descriptor '/home/arslan/ros2_ws/install/cpp_publisher/share/cpp_publisher/hook/cmake_prefix_path.dsv'
[7.993s] INFO:colcon.colcon_core.shell:Creating environment hook '/home/arslan/ros2_ws/install/cpp_publisher/share/cpp_publisher/hook/cmake_prefix_path.sh'
[7.994s] Level 1:colcon.colcon_core.environment:checking '/home/arslan/ros2_ws/install/cpp_publisher/lib'
[7.994s] Level 1:colcon.colcon_core.environment:checking '/home/arslan/ros2_ws/install/cpp_publisher/bin'
[7.994s] Level 1:colcon.colcon_core.environment:checking '/home/arslan/ros2_ws/install/cpp_publisher/lib/pkgconfig/cpp_publisher.pc'
[7.995s] Level 1:colcon.colcon_core.environment:checking '/home/arslan/ros2_ws/install/cpp_publisher/lib/python3.10/site-packages'
[7.995s] Level 1:colcon.colcon_core.environment:checking '/home/arslan/ros2_ws/install/cpp_publisher/bin'
[7.996s] INFO:colcon.colcon_core.shell:Creating package script '/home/arslan/ros2_ws/install/cpp_publisher/share/cpp_publisher/package.ps1'
[7.997s] INFO:colcon.colcon_core.shell:Creating package descriptor '/home/arslan/ros2_ws/install/cpp_publisher/share/cpp_publisher/package.dsv'
[7.997s] INFO:colcon.colcon_core.shell:Creating package script '/home/arslan/ros2_ws/install/cpp_publisher/share/cpp_publisher/package.sh'
[7.998s] INFO:colcon.colcon_core.shell:Creating package script '/home/arslan/ros2_ws/install/cpp_publisher/share/cpp_publisher/package.bash'
[7.999s] INFO:colcon.colcon_core.shell:Creating package script '/home/arslan/ros2_ws/install/cpp_publisher/share/cpp_publisher/package.zsh'
[7.999s] Level 1:colcon.colcon_core.environment:create_file_with_runtime_dependencies(/home/arslan/ros2_ws/install/cpp_publisher/share/colcon-core/packages/cpp_publisher)
[8.000s] Level 1:colcon.colcon_core.environment:create_environment_scripts_only(cpp_publisher)
[8.001s] Level 1:colcon.colcon_core.environment:checking '/home/arslan/ros2_ws/install/cpp_publisher' for CMake module files
[8.002s] Level 1:colcon.colcon_core.environment:checking '/home/arslan/ros2_ws/install/cpp_publisher' for CMake config files
[8.002s] Level 1:colcon.colcon_core.shell:create_environment_hook('cpp_publisher', 'cmake_prefix_path')
[8.002s] INFO:colcon.colcon_core.shell:Creating environment hook '/home/arslan/ros2_ws/install/cpp_publisher/share/cpp_publisher/hook/cmake_prefix_path.ps1'
[8.003s] INFO:colcon.colcon_core.shell:Creating environment descriptor '/home/arslan/ros2_ws/install/cpp_publisher/share/cpp_publisher/hook/cmake_prefix_path.dsv'
[8.004s] INFO:colcon.colcon_core.shell:Creating environment hook '/home/arslan/ros2_ws/install/cpp_publisher/share/cpp_publisher/hook/cmake_prefix_path.sh'
[8.005s] Level 1:colcon.colcon_core.environment:checking '/home/arslan/ros2_ws/install/cpp_publisher/lib'
[8.005s] Level 1:colcon.colcon_core.environment:checking '/home/arslan/ros2_ws/install/cpp_publisher/bin'
[8.005s] Level 1:colcon.colcon_core.environment:checking '/home/arslan/ros2_ws/install/cpp_publisher/lib/pkgconfig/cpp_publisher.pc'
[8.005s] Level 1:colcon.colcon_core.environment:checking '/home/arslan/ros2_ws/install/cpp_publisher/lib/python3.10/site-packages'
[8.006s] Level 1:colcon.colcon_core.environment:checking '/home/arslan/ros2_ws/install/cpp_publisher/bin'
[8.006s] INFO:colcon.colcon_core.shell:Creating package script '/home/arslan/ros2_ws/install/cpp_publisher/share/cpp_publisher/package.ps1'
[8.007s] INFO:colcon.colcon_core.shell:Creating package descriptor '/home/arslan/ros2_ws/install/cpp_publisher/share/cpp_publisher/package.dsv'
[8.008s] INFO:colcon.colcon_core.shell:Creating package script '/home/arslan/ros2_ws/install/cpp_publisher/share/cpp_publisher/package.sh'
[8.009s] INFO:colcon.colcon_core.shell:Creating package script '/home/arslan/ros2_ws/install/cpp_publisher/share/cpp_publisher/package.bash'
[8.010s] INFO:colcon.colcon_core.shell:Creating package script '/home/arslan/ros2_ws/install/cpp_publisher/share/cpp_publisher/package.zsh'
[8.010s] Level 1:colcon.colcon_core.environment:create_file_with_runtime_dependencies(/home/arslan/ros2_ws/install/cpp_publisher/share/colcon-core/packages/cpp_publisher)
[8.011s] DEBUG:colcon.colcon_parallel_executor.executor.parallel:closing loop
[8.011s] DEBUG:colcon.colcon_parallel_executor.executor.parallel:loop closed
[8.011s] DEBUG:colcon.colcon_parallel_executor.executor.parallel:run_until_complete finished with '0'
[8.012s] DEBUG:colcon.colcon_core.event_reactor:joining thread
[8.017s] INFO:colcon.colcon_core.plugin_system:Skipping extension 'colcon_notification.desktop_notification.terminal_notifier': Not used on non-Darwin systems
[8.017s] INFO:colcon.colcon_core.plugin_system:Skipping extension 'colcon_notification.desktop_notification.win32': Not used on non-Windows systems
[8.017s] INFO:colcon.colcon_notification.desktop_notification:Sending desktop notification using 'notify2'
[8.031s] DEBUG:colcon.colcon_core.event_reactor:joined thread
[8.031s] INFO:colcon.colcon_core.shell:Creating prefix script '/home/arslan/ros2_ws/install/local_setup.ps1'
[8.033s] INFO:colcon.colcon_core.shell:Creating prefix util module '/home/arslan/ros2_ws/install/_local_setup_util_ps1.py'
[8.035s] INFO:colcon.colcon_core.shell:Creating prefix chain script '/home/arslan/ros2_ws/install/setup.ps1'
[8.037s] INFO:colcon.colcon_core.shell:Creating prefix script '/home/arslan/ros2_ws/install/local_setup.sh'
[8.038s] INFO:colcon.colcon_core.shell:Creating prefix util module '/home/arslan/ros2_ws/install/_local_setup_util_sh.py'
[8.039s] INFO:colcon.colcon_core.shell:Creating prefix chain script '/home/arslan/ros2_ws/install/setup.sh'
[8.041s] INFO:colcon.colcon_core.shell:Creating prefix script '/home/arslan/ros2_ws/install/local_setup.bash'
[8.042s] INFO:colcon.colcon_core.shell:Creating prefix chain script '/home/arslan/ros2_ws/install/setup.bash'
[8.044s] INFO:colcon.colcon_core.shell:Creating prefix script '/home/arslan/ros2_ws/install/local_setup.zsh'
[8.045s] INFO:colcon.colcon_core.shell:Creating prefix chain script '/home/arslan/ros2_ws/install/setup.zsh'
