[0.874s] Invoking command in '/home/arslan/ros2_ws/src/my_robot_controller': PYTHONPATH=/home/arslan/ros2_ws/build/my_robot_controller/prefix_override:/usr/lib/python3/dist-packages/colcon_core/task/python/colcon_distutils_commands:/home/arslan/ros2_ws/install/my_robot_controller/lib/python3.10/site-packages:${PYTHONPATH} /usr/bin/python3 -W ignore:setup.py install is deprecated -W ignore:easy_install command is deprecated setup.py egg_info --egg-base ../../build/my_robot_controller build --build-base /home/arslan/ros2_ws/build/my_robot_controller/build install --record /home/arslan/ros2_ws/build/my_robot_controller/install.log --single-version-externally-managed install_data
[1.304s] running egg_info
[1.305s] creating ../../build/my_robot_controller/my_robot_controller.egg-info
[1.306s] writing ../../build/my_robot_controller/my_robot_controller.egg-info/PKG-INFO
[1.306s] writing dependency_links to ../../build/my_robot_controller/my_robot_controller.egg-info/dependency_links.txt
[1.306s] writing entry points to ../../build/my_robot_controller/my_robot_controller.egg-info/entry_points.txt
[1.306s] writing requirements to ../../build/my_robot_controller/my_robot_controller.egg-info/requires.txt
[1.306s] writing top-level names to ../../build/my_robot_controller/my_robot_controller.egg-info/top_level.txt
[1.307s] writing manifest file '../../build/my_robot_controller/my_robot_controller.egg-info/SOURCES.txt'
[1.309s] reading manifest file '../../build/my_robot_controller/my_robot_controller.egg-info/SOURCES.txt'
[1.310s] writing manifest file '../../build/my_robot_controller/my_robot_controller.egg-info/SOURCES.txt'
[1.310s] running build
[1.311s] running build_py
[1.311s] creating /home/arslan/ros2_ws/build/my_robot_controller/build
[1.311s] creating /home/arslan/ros2_ws/build/my_robot_controller/build/lib
[1.311s] creating /home/arslan/ros2_ws/build/my_robot_controller/build/lib/my_robot_controller
[1.311s] copying my_robot_controller/__init__.py -> /home/arslan/ros2_ws/build/my_robot_controller/build/lib/my_robot_controller
[1.311s] running install
[1.312s] running install_lib
[1.313s] creating /home/arslan/ros2_ws/install/my_robot_controller/lib/python3.10/site-packages/my_robot_controller
[1.313s] copying /home/arslan/ros2_ws/build/my_robot_controller/build/lib/my_robot_controller/__init__.py -> /home/arslan/ros2_ws/install/my_robot_controller/lib/python3.10/site-packages/my_robot_controller
[1.314s] byte-compiling /home/arslan/ros2_ws/install/my_robot_controller/lib/python3.10/site-packages/my_robot_controller/__init__.py to __init__.cpython-310.pyc
[1.314s] running install_data
[1.315s] creating /home/arslan/ros2_ws/install/my_robot_controller/share/ament_index
[1.315s] creating /home/arslan/ros2_ws/install/my_robot_controller/share/ament_index/resource_index
[1.315s] creating /home/arslan/ros2_ws/install/my_robot_controller/share/ament_index/resource_index/packages
[1.315s] copying resource/my_robot_controller -> /home/arslan/ros2_ws/install/my_robot_controller/share/ament_index/resource_index/packages
[1.315s] copying package.xml -> /home/arslan/ros2_ws/install/my_robot_controller/share/my_robot_controller
[1.315s] running install_egg_info
[1.318s] Copying ../../build/my_robot_controller/my_robot_controller.egg-info to /home/arslan/ros2_ws/install/my_robot_controller/lib/python3.10/site-packages/my_robot_controller-0.0.0-py3.10.egg-info
[1.319s] running install_scripts
[1.356s] writing list of installed files to '/home/arslan/ros2_ws/build/my_robot_controller/install.log'
[1.391s] Invoked command in '/home/arslan/ros2_ws/src/my_robot_controller' returned '0': PYTHONPATH=/home/arslan/ros2_ws/build/my_robot_controller/prefix_override:/usr/lib/python3/dist-packages/colcon_core/task/python/colcon_distutils_commands:/home/arslan/ros2_ws/install/my_robot_controller/lib/python3.10/site-packages:${PYTHONPATH} /usr/bin/python3 -W ignore:setup.py install is deprecated -W ignore:easy_install command is deprecated setup.py egg_info --egg-base ../../build/my_robot_controller build --build-base /home/arslan/ros2_ws/build/my_robot_controller/build install --record /home/arslan/ros2_ws/build/my_robot_controller/install.log --single-version-externally-managed install_data
