[0.197s] DEBUG:colcon:Command line arguments: ['/usr/bin/colcon', 'build']
[0.198s] DEBUG:colcon:Parsed command line arguments: Namespace(log_base=None, log_level=None, verb_name='build', build_base='build', install_base='install', merge_install=False, symlink_install=False, test_result_base=None, continue_on_error=False, executor='parallel', parallel_workers=20, event_handlers=None, ignore_user_meta=False, metas=['./colcon.meta'], base_paths=['.'], packages_ignore=None, packages_ignore_regex=None, paths=None, packages_up_to=None, packages_up_to_regex=None, packages_above=None, packages_above_and_dependencies=None, packages_above_depth=None, packages_select_by_dep=None, packages_skip_by_dep=None, packages_skip_up_to=None, packages_select_build_failed=False, packages_skip_build_finished=False, packages_select_test_failures=False, packages_skip_test_passed=False, packages_select=None, packages_skip=None, packages_select_regex=None, packages_skip_regex=None, packages_start=None, packages_end=None, allow_overriding=[], cmake_args=None, cmake_target=None, cmake_target_skip_unavailable=False, cmake_clean_cache=False, cmake_clean_first=False, cmake_force_configure=False, ament_cmake_args=None, catkin_cmake_args=None, catkin_skip_building_tests=False, mixin_files=None, mixin=None, verb_parser=<colcon_mixin.mixin.mixin_argument.MixinArgumentDecorator object at 0x70f094bbd930>, verb_extension=<colcon_core.verb.build.BuildVerb object at 0x70f094bbd120>, main=<bound method BuildVerb.main of <colcon_core.verb.build.BuildVerb object at 0x70f094bbd120>>, mixin_verb=('build',))
[0.502s] Level 1:colcon.colcon_core.package_discovery:discover_packages(colcon_meta) check parameters
[0.503s] Level 1:colcon.colcon_core.package_discovery:discover_packages(recursive) check parameters
[0.503s] Level 1:colcon.colcon_core.package_discovery:discover_packages(ignore) check parameters
[0.503s] Level 1:colcon.colcon_core.package_discovery:discover_packages(path) check parameters
[0.503s] Level 1:colcon.colcon_core.package_discovery:discover_packages(colcon_meta) discover
[0.503s] Level 1:colcon.colcon_core.package_discovery:discover_packages(recursive) discover
[0.503s] INFO:colcon.colcon_core.package_discovery:Crawling recursively for packages in '/home/arslan/ros2_ws'
[0.503s] Level 1:colcon.colcon_core.package_identification:_identify(.) by extensions ['ignore', 'ignore_ament_install']
[0.503s] Level 1:colcon.colcon_core.package_identification:_identify(.) by extension 'ignore'
[0.503s] Level 1:colcon.colcon_core.package_identification:_identify(.) by extension 'ignore_ament_install'
[0.504s] Level 1:colcon.colcon_core.package_identification:_identify(.) by extensions ['colcon_pkg']
[0.504s] Level 1:colcon.colcon_core.package_identification:_identify(.) by extension 'colcon_pkg'
[0.504s] Level 1:colcon.colcon_core.package_identification:_identify(.) by extensions ['colcon_meta']
[0.504s] Level 1:colcon.colcon_core.package_identification:_identify(.) by extension 'colcon_meta'
[0.504s] Level 1:colcon.colcon_core.package_identification:_identify(.) by extensions ['ros']
[0.504s] Level 1:colcon.colcon_core.package_identification:_identify(.) by extension 'ros'
[0.525s] Level 1:colcon.colcon_core.package_identification:_identify(.) by extensions ['cmake', 'python']
[0.525s] Level 1:colcon.colcon_core.package_identification:_identify(.) by extension 'cmake'
[0.525s] Level 1:colcon.colcon_core.package_identification:_identify(.) by extension 'python'
[0.525s] Level 1:colcon.colcon_core.package_identification:_identify(.) by extensions ['python_setup_py']
[0.525s] Level 1:colcon.colcon_core.package_identification:_identify(.) by extension 'python_setup_py'
[0.525s] Level 1:colcon.colcon_core.package_identification:_identify(build) by extensions ['ignore', 'ignore_ament_install']
[0.526s] Level 1:colcon.colcon_core.package_identification:_identify(build) by extension 'ignore'
[0.526s] Level 1:colcon.colcon_core.package_identification:_identify(build) ignored
[0.526s] Level 1:colcon.colcon_core.package_identification:_identify(install) by extensions ['ignore', 'ignore_ament_install']
[0.526s] Level 1:colcon.colcon_core.package_identification:_identify(install) by extension 'ignore'
[0.526s] Level 1:colcon.colcon_core.package_identification:_identify(install) ignored
[0.526s] Level 1:colcon.colcon_core.package_identification:_identify(log) by extensions ['ignore', 'ignore_ament_install']
[0.527s] Level 1:colcon.colcon_core.package_identification:_identify(log) by extension 'ignore'
[0.527s] Level 1:colcon.colcon_core.package_identification:_identify(log) ignored
[0.527s] Level 1:colcon.colcon_core.package_identification:_identify(src) by extensions ['ignore', 'ignore_ament_install']
[0.527s] Level 1:colcon.colcon_core.package_identification:_identify(src) by extension 'ignore'
[0.527s] Level 1:colcon.colcon_core.package_identification:_identify(src) by extension 'ignore_ament_install'
[0.527s] Level 1:colcon.colcon_core.package_identification:_identify(src) by extensions ['colcon_pkg']
[0.527s] Level 1:colcon.colcon_core.package_identification:_identify(src) by extension 'colcon_pkg'
[0.527s] Level 1:colcon.colcon_core.package_identification:_identify(src) by extensions ['colcon_meta']
[0.527s] Level 1:colcon.colcon_core.package_identification:_identify(src) by extension 'colcon_meta'
[0.527s] Level 1:colcon.colcon_core.package_identification:_identify(src) by extensions ['ros']
[0.527s] Level 1:colcon.colcon_core.package_identification:_identify(src) by extension 'ros'
[0.528s] Level 1:colcon.colcon_core.package_identification:_identify(src) by extensions ['cmake', 'python']
[0.528s] Level 1:colcon.colcon_core.package_identification:_identify(src) by extension 'cmake'
[0.528s] Level 1:colcon.colcon_core.package_identification:_identify(src) by extension 'python'
[0.528s] Level 1:colcon.colcon_core.package_identification:_identify(src) by extensions ['python_setup_py']
[0.528s] Level 1:colcon.colcon_core.package_identification:_identify(src) by extension 'python_setup_py'
[0.528s] Level 1:colcon.colcon_core.package_identification:_identify(src/cpp_publisher) by extensions ['ignore', 'ignore_ament_install']
[0.528s] Level 1:colcon.colcon_core.package_identification:_identify(src/cpp_publisher) by extension 'ignore'
[0.528s] Level 1:colcon.colcon_core.package_identification:_identify(src/cpp_publisher) by extension 'ignore_ament_install'
[0.528s] Level 1:colcon.colcon_core.package_identification:_identify(src/cpp_publisher) by extensions ['colcon_pkg']
[0.529s] Level 1:colcon.colcon_core.package_identification:_identify(src/cpp_publisher) by extension 'colcon_pkg'
[0.529s] Level 1:colcon.colcon_core.package_identification:_identify(src/cpp_publisher) by extensions ['colcon_meta']
[0.529s] Level 1:colcon.colcon_core.package_identification:_identify(src/cpp_publisher) by extension 'colcon_meta'
[0.529s] Level 1:colcon.colcon_core.package_identification:_identify(src/cpp_publisher) by extensions ['ros']
[0.529s] Level 1:colcon.colcon_core.package_identification:_identify(src/cpp_publisher) by extension 'ros'
[0.533s] DEBUG:colcon.colcon_core.package_identification:Package 'src/cpp_publisher' with type 'ros.ament_cmake' and name 'cpp_publisher'
[0.533s] Level 1:colcon.colcon_core.package_identification:_identify(src/my_package) by extensions ['ignore', 'ignore_ament_install']
[0.534s] Level 1:colcon.colcon_core.package_identification:_identify(src/my_package) by extension 'ignore'
[0.534s] Level 1:colcon.colcon_core.package_identification:_identify(src/my_package) by extension 'ignore_ament_install'
[0.534s] Level 1:colcon.colcon_core.package_identification:_identify(src/my_package) by extensions ['colcon_pkg']
[0.534s] Level 1:colcon.colcon_core.package_identification:_identify(src/my_package) by extension 'colcon_pkg'
[0.534s] Level 1:colcon.colcon_core.package_identification:_identify(src/my_package) by extensions ['colcon_meta']
[0.534s] Level 1:colcon.colcon_core.package_identification:_identify(src/my_package) by extension 'colcon_meta'
[0.534s] Level 1:colcon.colcon_core.package_identification:_identify(src/my_package) by extensions ['ros']
[0.534s] Level 1:colcon.colcon_core.package_identification:_identify(src/my_package) by extension 'ros'
[0.535s] DEBUG:colcon.colcon_core.package_identification:Package 'src/my_package' with type 'ros.ament_cmake' and name 'my_package'
[0.535s] Level 1:colcon.colcon_core.package_identification:_identify(src/my_robot_controller) by extensions ['ignore', 'ignore_ament_install']
[0.536s] Level 1:colcon.colcon_core.package_identification:_identify(src/my_robot_controller) by extension 'ignore'
[0.536s] Level 1:colcon.colcon_core.package_identification:_identify(src/my_robot_controller) by extension 'ignore_ament_install'
[0.536s] Level 1:colcon.colcon_core.package_identification:_identify(src/my_robot_controller) by extensions ['colcon_pkg']
[0.536s] Level 1:colcon.colcon_core.package_identification:_identify(src/my_robot_controller) by extension 'colcon_pkg'
[0.536s] Level 1:colcon.colcon_core.package_identification:_identify(src/my_robot_controller) by extensions ['colcon_meta']
[0.536s] Level 1:colcon.colcon_core.package_identification:_identify(src/my_robot_controller) by extension 'colcon_meta'
[0.536s] Level 1:colcon.colcon_core.package_identification:_identify(src/my_robot_controller) by extensions ['ros']
[0.536s] Level 1:colcon.colcon_core.package_identification:_identify(src/my_robot_controller) by extension 'ros'
[0.537s] DEBUG:colcon.colcon_core.package_identification:Package 'src/my_robot_controller' with type 'ros.ament_python' and name 'my_robot_controller'
[0.537s] Level 1:colcon.colcon_core.package_discovery:discover_packages(recursive) using defaults
[0.537s] Level 1:colcon.colcon_core.package_discovery:discover_packages(ignore) discover
[0.537s] Level 1:colcon.colcon_core.package_discovery:discover_packages(ignore) using defaults
[0.537s] Level 1:colcon.colcon_core.package_discovery:discover_packages(path) discover
[0.538s] Level 1:colcon.colcon_core.package_discovery:discover_packages(path) using defaults
[0.587s] Level 1:colcon.colcon_core.package_discovery:discover_packages(prefix_path) check parameters
[0.587s] Level 1:colcon.colcon_core.package_discovery:discover_packages(prefix_path) discover
[0.590s] DEBUG:colcon.colcon_installed_package_information.package_discovery:Found 2 installed packages in /home/arslan/ros2_ws/install
[0.593s] DEBUG:colcon.colcon_installed_package_information.package_discovery:Found 271 installed packages in /opt/ros/humble
[0.596s] Level 1:colcon.colcon_core.package_discovery:discover_packages(prefix_path) using defaults
[0.666s] Level 5:colcon.colcon_core.verb:set package 'cpp_publisher' build argument 'cmake_args' from command line to 'None'
[0.666s] Level 5:colcon.colcon_core.verb:set package 'cpp_publisher' build argument 'cmake_target' from command line to 'None'
[0.666s] Level 5:colcon.colcon_core.verb:set package 'cpp_publisher' build argument 'cmake_target_skip_unavailable' from command line to 'False'
[0.666s] Level 5:colcon.colcon_core.verb:set package 'cpp_publisher' build argument 'cmake_clean_cache' from command line to 'False'
[0.666s] Level 5:colcon.colcon_core.verb:set package 'cpp_publisher' build argument 'cmake_clean_first' from command line to 'False'
[0.666s] Level 5:colcon.colcon_core.verb:set package 'cpp_publisher' build argument 'cmake_force_configure' from command line to 'False'
[0.666s] Level 5:colcon.colcon_core.verb:set package 'cpp_publisher' build argument 'ament_cmake_args' from command line to 'None'
[0.666s] Level 5:colcon.colcon_core.verb:set package 'cpp_publisher' build argument 'catkin_cmake_args' from command line to 'None'
[0.666s] Level 5:colcon.colcon_core.verb:set package 'cpp_publisher' build argument 'catkin_skip_building_tests' from command line to 'False'
[0.666s] DEBUG:colcon.colcon_core.verb:Building package 'cpp_publisher' with the following arguments: {'ament_cmake_args': None, 'build_base': '/home/arslan/ros2_ws/build/cpp_publisher', 'catkin_cmake_args': None, 'catkin_skip_building_tests': False, 'cmake_args': None, 'cmake_clean_cache': False, 'cmake_clean_first': False, 'cmake_force_configure': False, 'cmake_target': None, 'cmake_target_skip_unavailable': False, 'install_base': '/home/arslan/ros2_ws/install/cpp_publisher', 'merge_install': False, 'path': '/home/arslan/ros2_ws/src/cpp_publisher', 'symlink_install': False, 'test_result_base': None}
[0.667s] Level 5:colcon.colcon_core.verb:set package 'my_package' build argument 'cmake_args' from command line to 'None'
[0.667s] Level 5:colcon.colcon_core.verb:set package 'my_package' build argument 'cmake_target' from command line to 'None'
[0.667s] Level 5:colcon.colcon_core.verb:set package 'my_package' build argument 'cmake_target_skip_unavailable' from command line to 'False'
[0.667s] Level 5:colcon.colcon_core.verb:set package 'my_package' build argument 'cmake_clean_cache' from command line to 'False'
[0.667s] Level 5:colcon.colcon_core.verb:set package 'my_package' build argument 'cmake_clean_first' from command line to 'False'
[0.667s] Level 5:colcon.colcon_core.verb:set package 'my_package' build argument 'cmake_force_configure' from command line to 'False'
[0.667s] Level 5:colcon.colcon_core.verb:set package 'my_package' build argument 'ament_cmake_args' from command line to 'None'
[0.667s] Level 5:colcon.colcon_core.verb:set package 'my_package' build argument 'catkin_cmake_args' from command line to 'None'
[0.667s] Level 5:colcon.colcon_core.verb:set package 'my_package' build argument 'catkin_skip_building_tests' from command line to 'False'
[0.667s] DEBUG:colcon.colcon_core.verb:Building package 'my_package' with the following arguments: {'ament_cmake_args': None, 'build_base': '/home/arslan/ros2_ws/build/my_package', 'catkin_cmake_args': None, 'catkin_skip_building_tests': False, 'cmake_args': None, 'cmake_clean_cache': False, 'cmake_clean_first': False, 'cmake_force_configure': False, 'cmake_target': None, 'cmake_target_skip_unavailable': False, 'install_base': '/home/arslan/ros2_ws/install/my_package', 'merge_install': False, 'path': '/home/arslan/ros2_ws/src/my_package', 'symlink_install': False, 'test_result_base': None}
[0.668s] Level 5:colcon.colcon_core.verb:set package 'my_robot_controller' build argument 'cmake_args' from command line to 'None'
[0.668s] Level 5:colcon.colcon_core.verb:set package 'my_robot_controller' build argument 'cmake_target' from command line to 'None'
[0.668s] Level 5:colcon.colcon_core.verb:set package 'my_robot_controller' build argument 'cmake_target_skip_unavailable' from command line to 'False'
[0.668s] Level 5:colcon.colcon_core.verb:set package 'my_robot_controller' build argument 'cmake_clean_cache' from command line to 'False'
[0.668s] Level 5:colcon.colcon_core.verb:set package 'my_robot_controller' build argument 'cmake_clean_first' from command line to 'False'
[0.668s] Level 5:colcon.colcon_core.verb:set package 'my_robot_controller' build argument 'cmake_force_configure' from command line to 'False'
[0.668s] Level 5:colcon.colcon_core.verb:set package 'my_robot_controller' build argument 'ament_cmake_args' from command line to 'None'
[0.668s] Level 5:colcon.colcon_core.verb:set package 'my_robot_controller' build argument 'catkin_cmake_args' from command line to 'None'
[0.669s] Level 5:colcon.colcon_core.verb:set package 'my_robot_controller' build argument 'catkin_skip_building_tests' from command line to 'False'
[0.669s] DEBUG:colcon.colcon_core.verb:Building package 'my_robot_controller' with the following arguments: {'ament_cmake_args': None, 'build_base': '/home/arslan/ros2_ws/build/my_robot_controller', 'catkin_cmake_args': None, 'catkin_skip_building_tests': False, 'cmake_args': None, 'cmake_clean_cache': False, 'cmake_clean_first': False, 'cmake_force_configure': False, 'cmake_target': None, 'cmake_target_skip_unavailable': False, 'install_base': '/home/arslan/ros2_ws/install/my_robot_controller', 'merge_install': False, 'path': '/home/arslan/ros2_ws/src/my_robot_controller', 'symlink_install': False, 'test_result_base': None}
[0.669s] INFO:colcon.colcon_core.executor:Executing jobs using 'parallel' executor
[0.670s] DEBUG:colcon.colcon_parallel_executor.executor.parallel:run_until_complete
[0.671s] INFO:colcon.colcon_ros.task.ament_cmake.build:Building ROS package in '/home/arslan/ros2_ws/src/cpp_publisher' with build type 'ament_cmake'
[0.671s] INFO:colcon.colcon_cmake.task.cmake.build:Building CMake package in '/home/arslan/ros2_ws/src/cpp_publisher'
[0.675s] INFO:colcon.colcon_core.plugin_system:Skipping extension 'colcon_core.shell.bat': Not used on non-Windows systems
[0.675s] INFO:colcon.colcon_core.shell:Skip shell extension 'powershell' for command environment: Not usable outside of PowerShell
[0.675s] DEBUG:colcon.colcon_core.shell:Skip shell extension 'dsv' for command environment
[0.681s] INFO:colcon.colcon_ros.task.ament_cmake.build:Building ROS package in '/home/arslan/ros2_ws/src/my_package' with build type 'ament_cmake'
[0.681s] INFO:colcon.colcon_cmake.task.cmake.build:Building CMake package in '/home/arslan/ros2_ws/src/my_package'
[0.682s] INFO:colcon.colcon_core.shell:Skip shell extension 'powershell' for command environment: Not usable outside of PowerShell
[0.682s] DEBUG:colcon.colcon_core.shell:Skip shell extension 'dsv' for command environment
[0.687s] INFO:colcon.colcon_ros.task.ament_python.build:Building ROS package in '/home/arslan/ros2_ws/src/my_robot_controller' with build type 'ament_python'
[0.687s] Level 1:colcon.colcon_core.shell:create_environment_hook('my_robot_controller', 'ament_prefix_path')
[0.688s] INFO:colcon.colcon_core.shell:Creating environment hook '/home/arslan/ros2_ws/install/my_robot_controller/share/my_robot_controller/hook/ament_prefix_path.ps1'
[0.689s] INFO:colcon.colcon_core.shell:Creating environment descriptor '/home/arslan/ros2_ws/install/my_robot_controller/share/my_robot_controller/hook/ament_prefix_path.dsv'
[0.690s] INFO:colcon.colcon_core.shell:Creating environment hook '/home/arslan/ros2_ws/install/my_robot_controller/share/my_robot_controller/hook/ament_prefix_path.sh'
[0.691s] INFO:colcon.colcon_core.shell:Skip shell extension 'powershell' for command environment: Not usable outside of PowerShell
[0.691s] DEBUG:colcon.colcon_core.shell:Skip shell extension 'dsv' for command environment
[0.704s] DEBUG:colcon.colcon_core.event_handler.log_command:Invoking command in '/home/arslan/ros2_ws/build/cpp_publisher': CMAKE_PREFIX_PATH=${CMAKE_PREFIX_PATH}:/home/arslan/ros2_ws/install/my_robot_controller:/opt/ros/humble /usr/bin/cmake /home/arslan/ros2_ws/src/cpp_publisher -DCMAKE_INSTALL_PREFIX=/home/arslan/ros2_ws/install/cpp_publisher
[0.710s] DEBUG:colcon.colcon_core.event_handler.log_command:Invoking command in '/home/arslan/ros2_ws/build/my_package': CMAKE_PREFIX_PATH=${CMAKE_PREFIX_PATH}:/home/arslan/ros2_ws/install/my_robot_controller:/opt/ros/humble /usr/bin/cmake --build /home/arslan/ros2_ws/build/my_package -- -j20 -l20
[0.990s] INFO:colcon.colcon_core.task.python.build:Building Python package in '/home/arslan/ros2_ws/src/my_robot_controller'
[0.990s] INFO:colcon.colcon_core.shell:Skip shell extension 'powershell' for command environment: Not usable outside of PowerShell
[0.990s] DEBUG:colcon.colcon_core.shell:Skip shell extension 'dsv' for command environment
[0.995s] DEBUG:colcon.colcon_core.event_handler.log_command:Invoked command in '/home/arslan/ros2_ws/build/my_package' returned '0': CMAKE_PREFIX_PATH=${CMAKE_PREFIX_PATH}:/home/arslan/ros2_ws/install/my_robot_controller:/opt/ros/humble /usr/bin/cmake --build /home/arslan/ros2_ws/build/my_package -- -j20 -l20
[1.009s] DEBUG:colcon.colcon_core.event_handler.log_command:Invoking command in '/home/arslan/ros2_ws/build/my_package': CMAKE_PREFIX_PATH=${CMAKE_PREFIX_PATH}:/home/arslan/ros2_ws/install/my_robot_controller:/opt/ros/humble /usr/bin/cmake --install /home/arslan/ros2_ws/build/my_package
[1.023s] Level 1:colcon.colcon_core.environment:create_environment_scripts_only(my_package)
[1.023s] DEBUG:colcon.colcon_core.event_handler.log_command:Invoked command in '/home/arslan/ros2_ws/build/my_package' returned '0': CMAKE_PREFIX_PATH=${CMAKE_PREFIX_PATH}:/home/arslan/ros2_ws/install/my_robot_controller:/opt/ros/humble /usr/bin/cmake --install /home/arslan/ros2_ws/build/my_package
[1.027s] Level 1:colcon.colcon_core.environment:checking '/home/arslan/ros2_ws/install/my_package' for CMake module files
[1.028s] Level 1:colcon.colcon_core.environment:checking '/home/arslan/ros2_ws/install/my_package' for CMake config files
[1.028s] Level 1:colcon.colcon_core.shell:create_environment_hook('my_package', 'cmake_prefix_path')
[1.029s] INFO:colcon.colcon_core.shell:Creating environment hook '/home/arslan/ros2_ws/install/my_package/share/my_package/hook/cmake_prefix_path.ps1'
[1.030s] INFO:colcon.colcon_core.shell:Creating environment descriptor '/home/arslan/ros2_ws/install/my_package/share/my_package/hook/cmake_prefix_path.dsv'
[1.030s] INFO:colcon.colcon_core.shell:Creating environment hook '/home/arslan/ros2_ws/install/my_package/share/my_package/hook/cmake_prefix_path.sh'
[1.031s] Level 1:colcon.colcon_core.environment:checking '/home/arslan/ros2_ws/install/my_package/lib'
[1.032s] Level 1:colcon.colcon_core.environment:checking '/home/arslan/ros2_ws/install/my_package/bin'
[1.032s] Level 1:colcon.colcon_core.environment:checking '/home/arslan/ros2_ws/install/my_package/lib/pkgconfig/my_package.pc'
[1.032s] Level 1:colcon.colcon_core.environment:checking '/home/arslan/ros2_ws/install/my_package/lib/python3.10/site-packages'
[1.033s] Level 1:colcon.colcon_core.environment:checking '/home/arslan/ros2_ws/install/my_package/bin'
[1.033s] INFO:colcon.colcon_core.shell:Creating package script '/home/arslan/ros2_ws/install/my_package/share/my_package/package.ps1'
[1.035s] INFO:colcon.colcon_core.shell:Creating package descriptor '/home/arslan/ros2_ws/install/my_package/share/my_package/package.dsv'
[1.036s] INFO:colcon.colcon_core.shell:Creating package script '/home/arslan/ros2_ws/install/my_package/share/my_package/package.sh'
[1.037s] INFO:colcon.colcon_core.shell:Creating package script '/home/arslan/ros2_ws/install/my_package/share/my_package/package.bash'
[1.039s] INFO:colcon.colcon_core.shell:Creating package script '/home/arslan/ros2_ws/install/my_package/share/my_package/package.zsh'
[1.040s] Level 1:colcon.colcon_core.environment:create_file_with_runtime_dependencies(/home/arslan/ros2_ws/install/my_package/share/colcon-core/packages/my_package)
[1.041s] Level 1:colcon.colcon_core.environment:create_environment_scripts_only(my_package)
[1.041s] Level 1:colcon.colcon_core.environment:checking '/home/arslan/ros2_ws/install/my_package' for CMake module files
[1.042s] Level 1:colcon.colcon_core.environment:checking '/home/arslan/ros2_ws/install/my_package' for CMake config files
[1.043s] Level 1:colcon.colcon_core.shell:create_environment_hook('my_package', 'cmake_prefix_path')
[1.043s] INFO:colcon.colcon_core.shell:Creating environment hook '/home/arslan/ros2_ws/install/my_package/share/my_package/hook/cmake_prefix_path.ps1'
[1.044s] INFO:colcon.colcon_core.shell:Creating environment descriptor '/home/arslan/ros2_ws/install/my_package/share/my_package/hook/cmake_prefix_path.dsv'
[1.045s] INFO:colcon.colcon_core.shell:Creating environment hook '/home/arslan/ros2_ws/install/my_package/share/my_package/hook/cmake_prefix_path.sh'
[1.046s] Level 1:colcon.colcon_core.environment:checking '/home/arslan/ros2_ws/install/my_package/lib'
[1.046s] Level 1:colcon.colcon_core.environment:checking '/home/arslan/ros2_ws/install/my_package/bin'
[1.046s] Level 1:colcon.colcon_core.environment:checking '/home/arslan/ros2_ws/install/my_package/lib/pkgconfig/my_package.pc'
[1.046s] Level 1:colcon.colcon_core.environment:checking '/home/arslan/ros2_ws/install/my_package/lib/python3.10/site-packages'
[1.047s] Level 1:colcon.colcon_core.environment:checking '/home/arslan/ros2_ws/install/my_package/bin'
[1.047s] INFO:colcon.colcon_core.shell:Creating package script '/home/arslan/ros2_ws/install/my_package/share/my_package/package.ps1'
[1.048s] INFO:colcon.colcon_core.shell:Creating package descriptor '/home/arslan/ros2_ws/install/my_package/share/my_package/package.dsv'
[1.049s] INFO:colcon.colcon_core.shell:Creating package script '/home/arslan/ros2_ws/install/my_package/share/my_package/package.sh'
[1.050s] INFO:colcon.colcon_core.shell:Creating package script '/home/arslan/ros2_ws/install/my_package/share/my_package/package.bash'
[1.051s] INFO:colcon.colcon_core.shell:Creating package script '/home/arslan/ros2_ws/install/my_package/share/my_package/package.zsh'
[1.051s] Level 1:colcon.colcon_core.environment:create_file_with_runtime_dependencies(/home/arslan/ros2_ws/install/my_package/share/colcon-core/packages/my_package)
[1.588s] DEBUG:colcon.colcon_core.event_handler.log_command:Invoking command in '/home/arslan/ros2_ws/src/my_robot_controller': PYTHONPATH=/home/arslan/ros2_ws/build/my_robot_controller/prefix_override:/usr/lib/python3/dist-packages/colcon_core/task/python/colcon_distutils_commands:/home/arslan/ros2_ws/install/my_robot_controller/lib/python3.10/site-packages:${PYTHONPATH} /usr/bin/python3 -W ignore:setup.py install is deprecated -W ignore:easy_install command is deprecated setup.py egg_info --egg-base ../../build/my_robot_controller build --build-base /home/arslan/ros2_ws/build/my_robot_controller/build install --record /home/arslan/ros2_ws/build/my_robot_controller/install.log --single-version-externally-managed install_data
[2.101s] Level 1:colcon.colcon_core.environment:checking '/home/arslan/ros2_ws/install/my_robot_controller' for CMake module files
[2.102s] DEBUG:colcon.colcon_core.event_handler.log_command:Invoked command in '/home/arslan/ros2_ws/src/my_robot_controller' returned '0': PYTHONPATH=/home/arslan/ros2_ws/build/my_robot_controller/prefix_override:/usr/lib/python3/dist-packages/colcon_core/task/python/colcon_distutils_commands:/home/arslan/ros2_ws/install/my_robot_controller/lib/python3.10/site-packages:${PYTHONPATH} /usr/bin/python3 -W ignore:setup.py install is deprecated -W ignore:easy_install command is deprecated setup.py egg_info --egg-base ../../build/my_robot_controller build --build-base /home/arslan/ros2_ws/build/my_robot_controller/build install --record /home/arslan/ros2_ws/build/my_robot_controller/install.log --single-version-externally-managed install_data
[2.103s] Level 1:colcon.colcon_core.environment:checking '/home/arslan/ros2_ws/install/my_robot_controller' for CMake config files
[2.104s] Level 1:colcon.colcon_core.environment:checking '/home/arslan/ros2_ws/install/my_robot_controller/lib'
[2.104s] Level 1:colcon.colcon_core.environment:checking '/home/arslan/ros2_ws/install/my_robot_controller/bin'
[2.104s] Level 1:colcon.colcon_core.environment:checking '/home/arslan/ros2_ws/install/my_robot_controller/lib/pkgconfig/my_robot_controller.pc'
[2.105s] Level 1:colcon.colcon_core.environment:checking '/home/arslan/ros2_ws/install/my_robot_controller/lib/python3.10/site-packages'
[2.105s] Level 1:colcon.colcon_core.shell:create_environment_hook('my_robot_controller', 'pythonpath')
[2.105s] INFO:colcon.colcon_core.shell:Creating environment hook '/home/arslan/ros2_ws/install/my_robot_controller/share/my_robot_controller/hook/pythonpath.ps1'
[2.106s] INFO:colcon.colcon_core.shell:Creating environment descriptor '/home/arslan/ros2_ws/install/my_robot_controller/share/my_robot_controller/hook/pythonpath.dsv'
[2.107s] INFO:colcon.colcon_core.shell:Creating environment hook '/home/arslan/ros2_ws/install/my_robot_controller/share/my_robot_controller/hook/pythonpath.sh'
[2.108s] Level 1:colcon.colcon_core.environment:checking '/home/arslan/ros2_ws/install/my_robot_controller/bin'
[2.108s] Level 1:colcon.colcon_core.environment:create_environment_scripts_only(my_robot_controller)
[2.108s] INFO:colcon.colcon_core.shell:Creating package script '/home/arslan/ros2_ws/install/my_robot_controller/share/my_robot_controller/package.ps1'
[2.109s] INFO:colcon.colcon_core.shell:Creating package descriptor '/home/arslan/ros2_ws/install/my_robot_controller/share/my_robot_controller/package.dsv'
[2.110s] INFO:colcon.colcon_core.shell:Creating package script '/home/arslan/ros2_ws/install/my_robot_controller/share/my_robot_controller/package.sh'
[2.111s] INFO:colcon.colcon_core.shell:Creating package script '/home/arslan/ros2_ws/install/my_robot_controller/share/my_robot_controller/package.bash'
[2.111s] INFO:colcon.colcon_core.shell:Creating package script '/home/arslan/ros2_ws/install/my_robot_controller/share/my_robot_controller/package.zsh'
[2.112s] Level 1:colcon.colcon_core.environment:create_file_with_runtime_dependencies(/home/arslan/ros2_ws/install/my_robot_controller/share/colcon-core/packages/my_robot_controller)
[2.362s] DEBUG:colcon.colcon_core.event_handler.log_command:Invoked command in '/home/arslan/ros2_ws/build/cpp_publisher' returned '1': CMAKE_PREFIX_PATH=${CMAKE_PREFIX_PATH}:/home/arslan/ros2_ws/install/my_robot_controller:/opt/ros/humble /usr/bin/cmake /home/arslan/ros2_ws/src/cpp_publisher -DCMAKE_INSTALL_PREFIX=/home/arslan/ros2_ws/install/cpp_publisher
[2.379s] Level 1:colcon.colcon_core.environment:create_environment_scripts_only(cpp_publisher)
[2.380s] Level 1:colcon.colcon_core.environment:checking '/home/arslan/ros2_ws/install/cpp_publisher' for CMake module files
[2.381s] Level 1:colcon.colcon_core.environment:checking '/home/arslan/ros2_ws/install/cpp_publisher' for CMake config files
[2.381s] Level 1:colcon.colcon_core.environment:checking '/home/arslan/ros2_ws/install/cpp_publisher/bin'
[2.381s] Level 1:colcon.colcon_core.environment:checking '/home/arslan/ros2_ws/install/cpp_publisher/lib/pkgconfig/cpp_publisher.pc'
[2.381s] Level 1:colcon.colcon_core.environment:checking '/home/arslan/ros2_ws/install/cpp_publisher/lib/python3.10/site-packages'
[2.382s] Level 1:colcon.colcon_core.environment:checking '/home/arslan/ros2_ws/install/cpp_publisher/bin'
[2.382s] INFO:colcon.colcon_core.shell:Creating package script '/home/arslan/ros2_ws/install/cpp_publisher/share/cpp_publisher/package.ps1'
[2.383s] INFO:colcon.colcon_core.shell:Creating package descriptor '/home/arslan/ros2_ws/install/cpp_publisher/share/cpp_publisher/package.dsv'
[2.384s] INFO:colcon.colcon_core.shell:Creating package script '/home/arslan/ros2_ws/install/cpp_publisher/share/cpp_publisher/package.sh'
[2.384s] INFO:colcon.colcon_core.shell:Creating package script '/home/arslan/ros2_ws/install/cpp_publisher/share/cpp_publisher/package.bash'
[2.385s] INFO:colcon.colcon_core.shell:Creating package script '/home/arslan/ros2_ws/install/cpp_publisher/share/cpp_publisher/package.zsh'
[2.385s] Level 1:colcon.colcon_core.environment:create_file_with_runtime_dependencies(/home/arslan/ros2_ws/install/cpp_publisher/share/colcon-core/packages/cpp_publisher)
[2.396s] DEBUG:colcon.colcon_parallel_executor.executor.parallel:closing loop
[2.396s] DEBUG:colcon.colcon_parallel_executor.executor.parallel:loop closed
[2.396s] DEBUG:colcon.colcon_parallel_executor.executor.parallel:run_until_complete finished with '1'
[2.396s] DEBUG:colcon.colcon_core.event_reactor:joining thread
[2.405s] INFO:colcon.colcon_core.plugin_system:Skipping extension 'colcon_notification.desktop_notification.terminal_notifier': Not used on non-Darwin systems
[2.406s] INFO:colcon.colcon_core.plugin_system:Skipping extension 'colcon_notification.desktop_notification.win32': Not used on non-Windows systems
[2.406s] INFO:colcon.colcon_notification.desktop_notification:Sending desktop notification using 'notify2'
[2.419s] DEBUG:colcon.colcon_core.event_reactor:joined thread
[2.420s] INFO:colcon.colcon_core.shell:Creating prefix script '/home/arslan/ros2_ws/install/local_setup.ps1'
[2.422s] INFO:colcon.colcon_core.shell:Creating prefix util module '/home/arslan/ros2_ws/install/_local_setup_util_ps1.py'
[2.424s] INFO:colcon.colcon_core.shell:Creating prefix chain script '/home/arslan/ros2_ws/install/setup.ps1'
[2.426s] INFO:colcon.colcon_core.shell:Creating prefix script '/home/arslan/ros2_ws/install/local_setup.sh'
[2.427s] INFO:colcon.colcon_core.shell:Creating prefix util module '/home/arslan/ros2_ws/install/_local_setup_util_sh.py'
[2.428s] INFO:colcon.colcon_core.shell:Creating prefix chain script '/home/arslan/ros2_ws/install/setup.sh'
[2.430s] INFO:colcon.colcon_core.shell:Creating prefix script '/home/arslan/ros2_ws/install/local_setup.bash'
[2.431s] INFO:colcon.colcon_core.shell:Creating prefix chain script '/home/arslan/ros2_ws/install/setup.bash'
[2.433s] INFO:colcon.colcon_core.shell:Creating prefix script '/home/arslan/ros2_ws/install/local_setup.zsh'
[2.434s] INFO:colcon.colcon_core.shell:Creating prefix chain script '/home/arslan/ros2_ws/install/setup.zsh'
